TN:
SF:client\src\components\error-boundary.tsx
FN:16,(anonymous_6)
FN:29,(anonymous_7)
FN:21,(anonymous_8)
FN:25,(anonymous_9)
FN:34,(anonymous_10)
FN:70,(anonymous_11)
FNF:6
FNH:0
FNDA:0,(anonymous_6)
FNDA:0,(anonymous_7)
FNDA:0,(anonymous_8)
FNDA:0,(anonymous_9)
FNDA:0,(anonymous_10)
FNDA:0,(anonymous_11)
DA:1,0
DA:2,0
DA:3,0
DA:4,0
DA:16,0
DA:17,0
DA:22,0
DA:26,0
DA:29,0
DA:30,0
DA:31,0
DA:35,0
DA:36,0
DA:37,0
DA:40,0
DA:70,0
DA:89,0
LF:17
LH:0
BRDA:35,0,0,0
BRDA:35,0,1,0
BRDA:36,1,0,0
BRDA:36,1,1,0
BRDA:56,2,0,0
BRDA:56,2,1,0
BRDA:56,2,2,0
BRDA:60,3,0,0
BRDA:60,3,1,0
BRF:9
BRH:0
end_of_record
TN:
SF:client\src\components\ui\accordion.tsx
FN:12,(anonymous_7)
FN:24,(anonymous_8)
FN:44,(anonymous_9)
FNF:3
FNH:0
FNDA:0,(anonymous_7)
FNDA:0,(anonymous_8)
FNDA:0,(anonymous_9)
DA:1,0
DA:2,0
DA:3,0
DA:5,0
DA:7,0
DA:9,0
DA:12,0
DA:19,0
DA:21,0
DA:24,0
DA:39,0
DA:41,0
DA:44,0
DA:54,0
DA:56,0
LF:15
LH:0
BRF:0
BRH:0
end_of_record
TN:
SF:client\src\components\ui\alert-dialog.tsx
FN:16,(anonymous_7)
FN:31,(anonymous_8)
FN:46,(anonymous_9)
FN:60,(anonymous_10)
FN:77,(anonymous_11)
FN:89,(anonymous_12)
FN:102,(anonymous_13)
FN:114,(anonymous_14)
FNF:8
FNH:0
FNDA:0,(anonymous_7)
FNDA:0,(anonymous_8)
FNDA:0,(anonymous_9)
FNDA:0,(anonymous_10)
FNDA:0,(anonymous_11)
FNDA:0,(anonymous_12)
FNDA:0,(anonymous_13)
FNDA:0,(anonymous_14)
DA:1,0
DA:2,0
DA:4,0
DA:5,0
DA:7,0
DA:9,0
DA:11,0
DA:13,0
DA:16,0
DA:26,0
DA:28,0
DA:31,0
DA:44,0
DA:46,0
DA:47,0
DA:48,0
DA:49,0
DA:58,0
DA:60,0
DA:61,0
DA:62,0
DA:63,0
DA:72,0
DA:74,0
DA:77,0
DA:84,0
DA:86,0
DA:89,0
DA:96,0
DA:99,0
DA:102,0
DA:109,0
DA:111,0
DA:114,0
DA:125,0
DA:128,0
DA:129,0
DA:130,0
DA:131,0
DA:132,0
DA:133,0
DA:134,0
DA:135,0
DA:136,0
DA:137,0
DA:138,0
LF:46
LH:0
BRF:0
BRH:0
end_of_record
TN:
SF:client\src\components\ui\alert.tsx
FN:25,(anonymous_7)
FN:38,(anonymous_8)
FN:50,(anonymous_9)
FNF:3
FNH:0
FNDA:0,(anonymous_7)
FNDA:0,(anonymous_8)
FNDA:0,(anonymous_9)
DA:1,0
DA:2,0
DA:4,0
DA:6,0
DA:22,0
DA:25,0
DA:33,0
DA:35,0
DA:38,0
DA:45,0
DA:47,0
DA:50,0
DA:57,0
DA:59,0
LF:14
LH:0
BRF:0
BRH:0
end_of_record
TN:
SF:client\src\components\ui\aspect-ratio.tsx
FNF:0
FNH:0
DA:1,0
DA:3,0
DA:5,0
LF:3
LH:0
BRF:0
BRH:0
end_of_record
TN:
SF:client\src\components\ui\avatar.tsx
FN:11,(anonymous_7)
FN:26,(anonymous_8)
FN:38,(anonymous_9)
FNF:3
FNH:0
FNDA:0,(anonymous_7)
FNDA:0,(anonymous_8)
FNDA:0,(anonymous_9)
DA:3,0
DA:4,0
DA:6,0
DA:8,0
DA:11,0
DA:21,0
DA:23,0
DA:26,0
DA:33,0
DA:35,0
DA:38,0
DA:48,0
DA:50,0
LF:13
LH:0
BRF:0
BRH:0
end_of_record
TN:
SF:client\src\components\ui\badge.tsx
FN:30,Badge
FNF:1
FNH:0
FNDA:0,Badge
DA:1,0
DA:2,0
DA:4,0
DA:6,0
DA:30,0
DA:31,0
DA:36,0
LF:7
LH:0
BRF:0
BRH:0
end_of_record
TN:
SF:client\src\components\ui\breadcrumb.tsx
FN:12,(anonymous_7)
FN:18,(anonymous_8)
FN:33,(anonymous_9)
FN:47,(anonymous_10)
FN:63,(anonymous_11)
FN:75,(anonymous_12)
FN:91,(anonymous_13)
FNF:7
FNH:0
FNDA:0,(anonymous_7)
FNDA:0,(anonymous_8)
FNDA:0,(anonymous_9)
FNDA:0,(anonymous_10)
FNDA:0,(anonymous_11)
FNDA:0,(anonymous_12)
FNDA:0,(anonymous_13)
DA:1,0
DA:2,0
DA:3,0
DA:5,0
DA:7,0
DA:12,0
DA:13,0
DA:15,0
DA:18,0
DA:28,0
DA:30,0
DA:33,0
DA:40,0
DA:42,0
DA:47,0
DA:48,0
DA:50,0
DA:58,0
DA:60,0
DA:63,0
DA:73,0
DA:75,0
DA:77,0
DA:78,0
DA:79,0
DA:89,0
DA:91,0
DA:92,0
DA:93,0
DA:94,0
DA:105,0
DA:108,0
DA:109,0
DA:110,0
DA:111,0
DA:112,0
DA:113,0
DA:114,0
LF:38
LH:0
BRDA:48,0,0,0
BRDA:48,0,1,0
BRDA:86,1,0,0
BRDA:86,1,1,0
BRDA:86,2,0,0
BRDA:86,2,1,0
BRF:6
BRH:0
end_of_record
TN:
SF:client\src\components\ui\button.tsx
FN:43,(anonymous_7)
FNF:1
FNH:0
FNDA:0,(anonymous_7)
DA:1,0
DA:2,0
DA:3,0
DA:5,0
DA:7,0
DA:42,0
DA:43,0
DA:44,0
DA:45,0
DA:54,0
DA:56,0
LF:11
LH:0
BRDA:43,0,0,0
BRDA:44,1,0,0
BRDA:44,1,1,0
BRF:3
BRH:0
end_of_record
TN:
SF:client\src\components\ui\calendar.tsx
FN:10,Calendar
FN:55,(anonymous_8)
FN:58,(anonymous_9)
FNF:3
FNH:0
FNDA:0,Calendar
FNDA:0,(anonymous_8)
FNDA:0,(anonymous_9)
DA:1,0
DA:2,0
DA:3,0
DA:5,0
DA:6,0
DA:13,0
DA:14,0
DA:16,0
DA:55,0
DA:58,0
DA:66,0
DA:68,0
LF:12
LH:0
BRDA:13,0,0,0
BRF:1
BRH:0
end_of_record
TN:
SF:client\src\components\ui\card.tsx
FN:8,(anonymous_7)
FN:23,(anonymous_8)
FN:35,(anonymous_9)
FN:50,(anonymous_10)
FN:62,(anonymous_11)
FN:70,(anonymous_12)
FNF:6
FNH:0
FNDA:0,(anonymous_7)
FNDA:0,(anonymous_8)
FNDA:0,(anonymous_9)
FNDA:0,(anonymous_10)
FNDA:0,(anonymous_11)
FNDA:0,(anonymous_12)
DA:1,0
DA:3,0
DA:5,0
DA:8,0
DA:18,0
DA:20,0
DA:23,0
DA:30,0
DA:32,0
DA:35,0
DA:45,0
DA:47,0
DA:50,0
DA:57,0
DA:59,0
DA:62,0
DA:65,0
DA:67,0
DA:70,0
DA:77,0
DA:79,0
LF:21
LH:0
BRF:0
BRH:0
end_of_record
TN:
SF:client\src\components\ui\carousel.tsx
FN:33,useCarousel
FN:47,(anonymous_9)
FN:69,(anonymous_10)
FN:78,(anonymous_11)
FN:82,(anonymous_12)
FN:87,(anonymous_13)
FN:99,(anonymous_14)
FN:107,(anonymous_15)
FN:116,(anonymous_16)
FN:154,(anonymous_17)
FN:176,(anonymous_18)
FN:198,(anonymous_19)
FN:227,(anonymous_20)
FNF:13
FNH:0
FNDA:0,useCarousel
FNDA:0,(anonymous_9)
FNDA:0,(anonymous_10)
FNDA:0,(anonymous_11)
FNDA:0,(anonymous_12)
FNDA:0,(anonymous_13)
FNDA:0,(anonymous_14)
FNDA:0,(anonymous_15)
FNDA:0,(anonymous_16)
FNDA:0,(anonymous_17)
FNDA:0,(anonymous_18)
FNDA:0,(anonymous_19)
FNDA:0,(anonymous_20)
DA:1,0
DA:2,0
DA:5,0
DA:7,0
DA:8,0
DA:31,0
DA:34,0
DA:36,0
DA:37,0
DA:40,0
DA:43,0
DA:54,0
DA:55,0
DA:59,0
DA:66,0
DA:67,0
DA:69,0
DA:70,0
DA:71,0
DA:74,0
DA:75,0
DA:78,0
DA:79,0
DA:82,0
DA:83,0
DA:86,0
DA:88,0
DA:89,0
DA:90,0
DA:91,0
DA:92,0
DA:93,0
DA:99,0
DA:100,0
DA:101,0
DA:104,0
DA:107,0
DA:108,0
DA:109,0
DA:112,0
DA:113,0
DA:114,0
DA:116,0
DA:117,0
DA:121,0
DA:149,0
DA:151,0
DA:154,0
DA:155,0
DA:157,0
DA:171,0
DA:173,0
DA:176,0
DA:177,0
DA:179,0
DA:193,0
DA:195,0
DA:198,0
DA:199,0
DA:201,0
DA:222,0
DA:224,0
DA:227,0
DA:228,0
DA:230,0
DA:251,0
DA:255,0
DA:256,0
DA:257,0
DA:258,0
DA:259,0
LF:71
LH:0
BRDA:36,0,0,0
BRDA:36,0,1,0
BRDA:49,1,0,0
BRDA:62,2,0,0
BRDA:62,2,1,0
BRDA:70,3,0,0
BRDA:70,3,1,0
BRDA:79,4,0,0
BRDA:79,4,1,0
BRDA:79,5,0,0
BRDA:79,5,1,0
BRDA:83,6,0,0
BRDA:83,6,1,0
BRDA:83,7,0,0
BRDA:83,7,1,0
BRDA:88,8,0,0
BRDA:88,8,1,0
BRDA:91,9,0,0
BRDA:91,9,1,0
BRDA:100,10,0,0
BRDA:100,10,1,0
BRDA:100,11,0,0
BRDA:100,11,1,0
BRDA:108,12,0,0
BRDA:108,12,1,0
BRDA:117,13,0,0
BRDA:117,13,1,0
BRDA:117,14,0,0
BRDA:117,14,1,0
BRDA:128,15,0,0
BRDA:128,15,1,0
BRDA:128,16,0,0
BRDA:128,16,1,0
BRDA:128,17,0,0
BRDA:128,17,1,0
BRDA:128,18,0,0
BRDA:128,18,1,0
BRDA:163,19,0,0
BRDA:163,19,1,0
BRDA:186,20,0,0
BRDA:186,20,1,0
BRDA:198,21,0,0
BRDA:198,22,0,0
BRDA:208,23,0,0
BRDA:208,23,1,0
BRDA:227,24,0,0
BRDA:227,25,0,0
BRDA:237,26,0,0
BRDA:237,26,1,0
BRF:49
BRH:0
end_of_record
TN:
SF:client\src\components\ui\chart.tsx
FN:27,useChart
FN:45,(anonymous_8)
FN:70,(anonymous_9)
FN:72,(anonymous_10)
FN:84,(anonymous_11)
FN:87,(anonymous_12)
FN:116,(anonymous_13)
FN:136,(anonymous_14)
FN:188,(anonymous_15)
FN:269,(anonymous_16)
FN:288,(anonymous_17)
FN:320,getPayloadConfigFromPayload
FNF:12
FNH:0
FNDA:0,useChart
FNDA:0,(anonymous_8)
FNDA:0,(anonymous_9)
FNDA:0,(anonymous_10)
FNDA:0,(anonymous_11)
FNDA:0,(anonymous_12)
FNDA:0,(anonymous_13)
FNDA:0,(anonymous_14)
FNDA:0,(anonymous_15)
FNDA:0,(anonymous_16)
FNDA:0,(anonymous_17)
FNDA:0,getPayloadConfigFromPayload
DA:3,0
DA:4,0
DA:6,0
DA:9,0
DA:25,0
DA:28,0
DA:30,0
DA:31,0
DA:34,0
DA:37,0
DA:45,0
DA:46,0
DA:47,0
DA:49,0
DA:68,0
DA:70,0
DA:71,0
DA:72,0
DA:75,0
DA:76,0
DA:79,0
DA:84,0
DA:89,0
DA:91,0
DA:103,0
DA:105,0
DA:134,0
DA:136,0
DA:137,0
DA:138,0
DA:141,0
DA:142,0
DA:143,0
DA:145,0
DA:149,0
DA:150,0
DA:157,0
DA:158,0
DA:161,0
DA:172,0
DA:173,0
DA:176,0
DA:178,0
DA:189,0
DA:190,0
DA:191,0
DA:193,0
DA:257,0
DA:259,0
DA:261,0
DA:273,0
DA:275,0
DA:276,0
DA:279,0
DA:289,0
DA:290,0
DA:292,0
DA:317,0
DA:325,0
DA:326,0
DA:330,0
DA:336,0
DA:338,0
DA:342,0
DA:343,0
DA:348,0
DA:353,0
DA:359,0
DA:360,0
DA:361,0
DA:362,0
DA:363,0
DA:364,0
LF:73
LH:0
BRDA:30,0,0,0
BRDA:30,0,1,0
BRDA:47,1,0,0
BRDA:47,1,1,0
BRDA:72,2,0,0
BRDA:72,2,1,0
BRDA:75,3,0,0
BRDA:75,3,1,0
BRDA:89,4,0,0
BRDA:89,4,1,0
BRDA:89,5,0,0
BRDA:89,5,1,0
BRDA:89,6,0,0
BRDA:89,6,1,0
BRDA:91,7,0,0
BRDA:91,7,1,0
BRDA:121,8,0,0
BRDA:122,9,0,0
BRDA:123,10,0,0
BRDA:137,11,0,0
BRDA:137,11,1,0
BRDA:137,12,0,0
BRDA:137,12,1,0
BRDA:137,13,0,0
BRDA:137,13,1,0
BRDA:137,14,0,0
BRDA:137,14,1,0
BRDA:142,15,0,0
BRDA:142,15,1,0
BRDA:142,15,2,0
BRDA:142,15,3,0
BRDA:142,16,0,0
BRDA:142,16,1,0
BRDA:142,17,0,0
BRDA:142,17,1,0
BRDA:142,18,0,0
BRDA:142,18,1,0
BRDA:142,19,0,0
BRDA:142,19,1,0
BRDA:145,20,0,0
BRDA:145,20,1,0
BRDA:145,21,0,0
BRDA:145,21,1,0
BRDA:146,22,0,0
BRDA:146,22,1,0
BRDA:146,23,0,0
BRDA:146,23,1,0
BRDA:146,24,0,0
BRDA:146,24,1,0
BRDA:147,25,0,0
BRDA:147,25,1,0
BRDA:147,26,0,0
BRDA:147,26,1,0
BRDA:149,27,0,0
BRDA:149,27,1,0
BRDA:157,28,0,0
BRDA:157,28,1,0
BRDA:172,29,0,0
BRDA:172,29,1,0
BRDA:172,30,0,0
BRDA:172,30,1,0
BRDA:172,31,0,0
BRDA:172,31,1,0
BRDA:172,32,0,0
BRDA:172,32,1,0
BRDA:176,33,0,0
BRDA:176,33,1,0
BRDA:186,34,0,0
BRDA:186,34,1,0
BRDA:189,35,0,0
BRDA:189,35,1,0
BRDA:189,35,2,0
BRDA:189,35,3,0
BRDA:191,36,0,0
BRDA:191,36,1,0
BRDA:191,36,2,0
BRDA:198,37,0,0
BRDA:198,37,1,0
BRDA:201,38,0,0
BRDA:201,38,1,0
BRDA:201,39,0,0
BRDA:201,39,1,0
BRDA:201,39,2,0
BRDA:201,40,0,0
BRDA:201,40,1,0
BRDA:201,41,0,0
BRDA:201,41,1,0
BRDA:205,42,0,0
BRDA:205,42,1,0
BRDA:205,43,0,0
BRDA:205,43,1,0
BRDA:205,44,0,0
BRDA:205,44,1,0
BRDA:208,45,0,0
BRDA:208,45,1,0
BRDA:217,46,0,0
BRDA:217,46,1,0
BRDA:232,47,0,0
BRDA:232,47,1,0
BRDA:236,48,0,0
BRDA:236,48,1,0
BRDA:238,49,0,0
BRDA:238,49,1,0
BRDA:238,50,0,0
BRDA:238,50,1,0
BRDA:238,51,0,0
BRDA:238,51,1,0
BRDA:241,52,0,0
BRDA:241,52,1,0
BRDA:270,53,0,0
BRDA:270,54,0,0
BRDA:275,55,0,0
BRDA:275,55,1,0
BRDA:275,56,0,0
BRDA:275,56,1,0
BRDA:275,57,0,0
BRDA:275,57,1,0
BRDA:284,58,0,0
BRDA:284,58,1,0
BRDA:289,59,0,0
BRDA:289,59,1,0
BRDA:289,59,2,0
BRDA:299,60,0,0
BRDA:299,60,1,0
BRDA:299,61,0,0
BRDA:299,61,1,0
BRDA:299,62,0,0
BRDA:299,62,1,0
BRDA:299,63,0,0
BRDA:299,63,1,0
BRDA:309,64,0,0
BRDA:309,64,1,0
BRDA:309,65,0,0
BRDA:309,65,1,0
BRDA:325,66,0,0
BRDA:325,66,1,0
BRDA:325,67,0,0
BRDA:325,67,1,0
BRDA:330,68,0,0
BRDA:330,68,1,0
BRDA:330,69,0,0
BRDA:330,69,1,0
BRDA:330,69,2,0
BRDA:338,70,0,0
BRDA:338,70,1,0
BRDA:339,71,0,0
BRDA:339,71,1,0
BRDA:343,72,0,0
BRDA:343,72,1,0
BRDA:344,73,0,0
BRDA:344,73,1,0
BRDA:344,73,2,0
BRDA:353,74,0,0
BRDA:353,74,1,0
BRF:154
BRH:0
end_of_record
TN:
SF:client\src\components\ui\checkbox.tsx
FN:10,(anonymous_7)
FNF:1
FNH:0
FNDA:0,(anonymous_7)
DA:1,0
DA:2,0
DA:3,0
DA:5,0
DA:7,0
DA:10,0
DA:26,0
DA:28,0
LF:8
LH:0
BRF:0
BRH:0
end_of_record
TN:
SF:client\src\components\ui\collapsible.tsx
FNF:0
FNH:0
DA:3,0
DA:5,0
DA:7,0
DA:9,0
DA:11,0
LF:5
LH:0
BRF:0
BRH:0
end_of_record
TN:
SF:client\src\components\ui\command.tsx
FN:12,(anonymous_7)
FN:24,(anonymous_8)
FN:39,(anonymous_9)
FN:58,(anonymous_10)
FN:71,(anonymous_11)
FN:84,(anonymous_12)
FN:100,(anonymous_13)
FN:112,(anonymous_14)
FN:125,(anonymous_15)
FNF:9
FNH:0
FNDA:0,(anonymous_7)
FNDA:0,(anonymous_8)
FNDA:0,(anonymous_9)
FNDA:0,(anonymous_10)
FNDA:0,(anonymous_11)
FNDA:0,(anonymous_12)
FNDA:0,(anonymous_13)
FNDA:0,(anonymous_14)
FNDA:0,(anonymous_15)
DA:1,0
DA:3,0
DA:4,0
DA:6,0
DA:7,0
DA:9,0
DA:12,0
DA:22,0
DA:24,0
DA:25,0
DA:36,0
DA:39,0
DA:53,0
DA:55,0
DA:58,0
DA:66,0
DA:68,0
DA:72,0
DA:79,0
DA:81,0
DA:84,0
DA:95,0
DA:97,0
DA:100,0
DA:107,0
DA:109,0
DA:112,0
DA:123,0
DA:125,0
DA:126,0
DA:127,0
DA:129,0
DA:139,0
DA:142,0
DA:143,0
DA:144,0
DA:145,0
DA:146,0
DA:147,0
DA:148,0
DA:149,0
DA:150,0
LF:42
LH:0
BRF:0
BRH:0
end_of_record
TN:
SF:client\src\components\ui\context-menu.tsx
FN:24,(anonymous_7)
FN:43,(anonymous_8)
FN:58,(anonymous_9)
FN:77,(anonymous_10)
FN:93,(anonymous_11)
FN:117,(anonymous_12)
FN:141,(anonymous_13)
FN:157,(anonymous_14)
FN:166,(anonymous_15)
FNF:9
FNH:0
FNDA:0,(anonymous_7)
FNDA:0,(anonymous_8)
FNDA:0,(anonymous_9)
FNDA:0,(anonymous_10)
FNDA:0,(anonymous_11)
FNDA:0,(anonymous_12)
FNDA:0,(anonymous_13)
FNDA:0,(anonymous_14)
FNDA:0,(anonymous_15)
DA:1,0
DA:2,0
DA:3,0
DA:5,0
DA:7,0
DA:9,0
DA:11,0
DA:13,0
DA:15,0
DA:17,0
DA:19,0
DA:24,0
DA:38,0
DA:40,0
DA:43,0
DA:53,0
DA:55,0
DA:58,0
DA:70,0
DA:72,0
DA:77,0
DA:88,0
DA:90,0
DA:93,0
DA:111,0
DA:114,0
DA:117,0
DA:134,0
DA:136,0
DA:141,0
DA:152,0
DA:154,0
DA:157,0
DA:164,0
DA:166,0
DA:167,0
DA:168,0
DA:170,0
DA:180,0
DA:183,0
DA:184,0
DA:185,0
DA:186,0
DA:187,0
DA:188,0
DA:189,0
DA:190,0
DA:191,0
DA:192,0
DA:193,0
DA:194,0
DA:195,0
DA:196,0
DA:197,0
LF:54
LH:0
BRDA:29,0,0,0
BRDA:29,0,1,0
BRDA:82,1,0,0
BRDA:82,1,1,0
BRDA:146,2,0,0
BRDA:146,2,1,0
BRF:6
BRH:0
end_of_record
TN:
SF:client\src\components\ui\dialog.tsx
FN:20,(anonymous_7)
FN:35,(anonymous_8)
FN:56,(anonymous_9)
FN:70,(anonymous_10)
FN:87,(anonymous_11)
FN:102,(anonymous_12)
FNF:6
FNH:0
FNDA:0,(anonymous_7)
FNDA:0,(anonymous_8)
FNDA:0,(anonymous_9)
FNDA:0,(anonymous_10)
FNDA:0,(anonymous_11)
FNDA:0,(anonymous_12)
DA:3,0
DA:4,0
DA:5,0
DA:7,0
DA:9,0
DA:11,0
DA:13,0
DA:15,0
DA:17,0
DA:20,0
DA:30,0
DA:32,0
DA:35,0
DA:54,0
DA:56,0
DA:57,0
DA:58,0
DA:59,0
DA:68,0
DA:70,0
DA:71,0
DA:72,0
DA:73,0
DA:82,0
DA:84,0
DA:87,0
DA:97,0
DA:99,0
DA:102,0
DA:109,0
DA:112,0
DA:113,0
DA:114,0
DA:115,0
DA:116,0
DA:117,0
DA:118,0
DA:119,0
DA:120,0
DA:121,0
LF:40
LH:0
BRF:0
BRH:0
end_of_record
TN:
SF:client\src\components\ui\drawer.tsx
FN:8,(anonymous_7)
FN:28,(anonymous_8)
FN:40,(anonymous_9)
FN:58,(anonymous_10)
FN:69,(anonymous_11)
FN:83,(anonymous_12)
FN:98,(anonymous_13)
FNF:7
FNH:0
FNDA:0,(anonymous_7)
FNDA:0,(anonymous_8)
FNDA:0,(anonymous_9)
FNDA:0,(anonymous_10)
FNDA:0,(anonymous_11)
FNDA:0,(anonymous_12)
FNDA:0,(anonymous_13)
DA:3,0
DA:4,0
DA:6,0
DA:8,0
DA:9,0
DA:10,0
DA:11,0
DA:17,0
DA:19,0
DA:21,0
DA:23,0
DA:25,0
DA:28,0
DA:35,0
DA:37,0
DA:40,0
DA:56,0
DA:58,0
DA:59,0
DA:60,0
DA:61,0
DA:67,0
DA:69,0
DA:70,0
DA:71,0
DA:72,0
DA:78,0
DA:80,0
DA:83,0
DA:93,0
DA:95,0
DA:98,0
DA:105,0
DA:108,0
DA:109,0
DA:110,0
DA:111,0
DA:112,0
DA:113,0
DA:114,0
DA:115,0
DA:116,0
DA:117,0
LF:43
LH:0
BRDA:9,0,0,0
BRF:1
BRH:0
end_of_record
TN:
SF:client\src\components\ui\dropdown-menu.tsx
FN:24,(anonymous_7)
FN:44,(anonymous_8)
FN:60,(anonymous_9)
FN:80,(anonymous_10)
FN:96,(anonymous_11)
FN:120,(anonymous_12)
FN:144,(anonymous_13)
FN:160,(anonymous_14)
FN:169,(anonymous_15)
FNF:9
FNH:0
FNDA:0,(anonymous_7)
FNDA:0,(anonymous_8)
FNDA:0,(anonymous_9)
FNDA:0,(anonymous_10)
FNDA:0,(anonymous_11)
FNDA:0,(anonymous_12)
FNDA:0,(anonymous_13)
FNDA:0,(anonymous_14)
FNDA:0,(anonymous_15)
DA:1,0
DA:2,0
DA:3,0
DA:5,0
DA:7,0
DA:9,0
DA:11,0
DA:13,0
DA:15,0
DA:17,0
DA:19,0
DA:24,0
DA:38,0
DA:41,0
DA:44,0
DA:54,0
DA:57,0
DA:60,0
DA:73,0
DA:75,0
DA:80,0
DA:91,0
DA:93,0
DA:96,0
DA:114,0
DA:117,0
DA:120,0
DA:137,0
DA:139,0
DA:144,0
DA:155,0
DA:157,0
DA:160,0
DA:167,0
DA:169,0
DA:170,0
DA:171,0
DA:173,0
DA:180,0
DA:183,0
DA:184,0
DA:185,0
DA:186,0
DA:187,0
DA:188,0
DA:189,0
DA:190,0
DA:191,0
DA:192,0
DA:193,0
DA:194,0
DA:195,0
DA:196,0
DA:197,0
LF:54
LH:0
BRDA:29,0,0,0
BRDA:29,0,1,0
BRDA:60,1,0,0
BRDA:85,2,0,0
BRDA:85,2,1,0
BRDA:149,3,0,0
BRDA:149,3,1,0
BRF:7
BRH:0
end_of_record
TN:
SF:client\src\components\ui\form.tsx
FN:31,(anonymous_7)
FN:44,(anonymous_8)
FN:78,(anonymous_9)
FN:92,(anonymous_10)
FN:109,(anonymous_11)
FN:131,(anonymous_12)
FN:148,(anonymous_13)
FNF:7
FNH:0
FNDA:0,(anonymous_7)
FNDA:0,(anonymous_8)
FNDA:0,(anonymous_9)
FNDA:0,(anonymous_10)
FNDA:0,(anonymous_11)
FNDA:0,(anonymous_12)
FNDA:0,(anonymous_13)
DA:3,0
DA:5,0
DA:6,0
DA:15,0
DA:16,0
DA:18,0
DA:27,0
DA:31,0
DA:35,0
DA:37,0
DA:44,0
DA:45,0
DA:46,0
DA:47,0
DA:49,0
DA:51,0
DA:52,0
DA:55,0
DA:57,0
DA:71,0
DA:75,0
DA:78,0
DA:79,0
DA:81,0
DA:87,0
DA:89,0
DA:92,0
DA:93,0
DA:95,0
DA:104,0
DA:106,0
DA:109,0
DA:110,0
DA:112,0
DA:126,0
DA:128,0
DA:131,0
DA:132,0
DA:134,0
DA:143,0
DA:145,0
DA:148,0
DA:149,0
DA:150,0
DA:152,0
DA:153,0
DA:156,0
DA:167,0
DA:170,0
DA:171,0
DA:172,0
DA:173,0
DA:174,0
DA:175,0
DA:176,0
DA:177,0
LF:56
LH:0
BRDA:51,0,0,0
BRDA:51,0,1,0
BRDA:98,1,0,0
BRDA:98,1,1,0
BRDA:117,2,0,0
BRDA:117,2,1,0
BRDA:150,3,0,0
BRDA:150,3,1,0
BRDA:150,4,0,0
BRDA:150,4,1,0
BRDA:150,5,0,0
BRDA:150,5,1,0
BRDA:150,6,0,0
BRDA:150,6,1,0
BRDA:150,7,0,0
BRDA:150,7,1,0
BRDA:152,8,0,0
BRDA:152,8,1,0
BRF:18
BRH:0
end_of_record
TN:
SF:client\src\components\ui\hover-card.tsx
FN:15,(anonymous_7)
FNF:1
FNH:0
FNDA:0,(anonymous_7)
DA:3,0
DA:4,0
DA:6,0
DA:8,0
DA:10,0
DA:12,0
DA:15,0
DA:27,0
DA:29,0
LF:9
LH:0
BRDA:15,0,0,0
BRDA:15,1,0,0
BRF:2
BRH:0
end_of_record
TN:
SF:client\src\components\ui\input-otp.tsx
FN:10,(anonymous_7)
FN:26,(anonymous_8)
FN:34,(anonymous_9)
FN:62,(anonymous_10)
FNF:4
FNH:0
FNDA:0,(anonymous_7)
FNDA:0,(anonymous_8)
FNDA:0,(anonymous_9)
FNDA:0,(anonymous_10)
DA:1,0
DA:2,0
DA:3,0
DA:5,0
DA:7,0
DA:10,0
DA:21,0
DA:23,0
DA:26,0
DA:29,0
DA:31,0
DA:34,0
DA:35,0
DA:36,0
DA:38,0
DA:57,0
DA:59,0
DA:62,0
DA:67,0
DA:69,0
LF:20
LH:0
BRDA:43,0,0,0
BRDA:43,0,1,0
BRDA:49,1,0,0
BRDA:49,1,1,0
BRF:4
BRH:0
end_of_record
TN:
SF:client\src\components\ui\input.tsx
FN:6,(anonymous_7)
FNF:1
FNH:0
FNDA:0,(anonymous_7)
DA:1,0
DA:3,0
DA:5,0
DA:6,0
DA:7,0
DA:20,0
DA:22,0
LF:7
LH:0
BRF:0
BRH:0
end_of_record
TN:
SF:client\src\components\ui\label.tsx
FN:15,(anonymous_7)
FNF:1
FNH:0
FNDA:0,(anonymous_7)
DA:1,0
DA:2,0
DA:3,0
DA:5,0
DA:7,0
DA:11,0
DA:15,0
DA:22,0
DA:24,0
LF:9
LH:0
BRF:0
BRH:0
end_of_record
TN:
SF:client\src\components\ui\menubar.tsx
FN:9,MenubarMenu
FN:15,MenubarGroup
FN:21,MenubarPortal
FN:27,MenubarRadioGroup
FN:33,MenubarSub
FN:42,(anonymous_12)
FN:57,(anonymous_13)
FN:74,(anonymous_14)
FN:93,(anonymous_15)
FN:109,(anonymous_16)
FN:135,(anonymous_17)
FN:151,(anonymous_18)
FN:174,(anonymous_19)
FN:198,(anonymous_20)
FN:214,(anonymous_21)
FN:223,(anonymous_22)
FNF:16
FNH:0
FNDA:0,MenubarMenu
FNDA:0,MenubarGroup
FNDA:0,MenubarPortal
FNDA:0,MenubarRadioGroup
FNDA:0,MenubarSub
FNDA:0,(anonymous_12)
FNDA:0,(anonymous_13)
FNDA:0,(anonymous_14)
FNDA:0,(anonymous_15)
FNDA:0,(anonymous_16)
FNDA:0,(anonymous_17)
FNDA:0,(anonymous_18)
FNDA:0,(anonymous_19)
FNDA:0,(anonymous_20)
FNDA:0,(anonymous_21)
FNDA:0,(anonymous_22)
DA:3,0
DA:4,0
DA:5,0
DA:7,0
DA:10,0
DA:12,0
DA:16,0
DA:18,0
DA:22,0
DA:24,0
DA:28,0
DA:30,0
DA:34,0
DA:36,0
DA:39,0
DA:42,0
DA:52,0
DA:54,0
DA:57,0
DA:67,0
DA:69,0
DA:74,0
DA:88,0
DA:90,0
DA:93,0
DA:103,0
DA:105,0
DA:110,0
DA:112,0
DA:128,0
DA:130,0
DA:135,0
DA:146,0
DA:148,0
DA:151,0
DA:169,0
DA:171,0
DA:174,0
DA:191,0
DA:193,0
DA:198,0
DA:209,0
DA:211,0
DA:214,0
DA:221,0
DA:223,0
DA:224,0
DA:225,0
DA:227,0
DA:237,0
DA:240,0
DA:241,0
DA:242,0
DA:243,0
DA:244,0
DA:245,0
DA:246,0
DA:247,0
DA:248,0
DA:249,0
DA:250,0
DA:251,0
DA:252,0
DA:253,0
DA:254,0
DA:255,0
LF:66
LH:0
BRDA:79,0,0,0
BRDA:79,0,1,0
BRDA:110,1,0,0
BRDA:110,2,0,0
BRDA:110,3,0,0
BRDA:140,4,0,0
BRDA:140,4,1,0
BRDA:203,5,0,0
BRDA:203,5,1,0
BRF:9
BRH:0
end_of_record
TN:
SF:client\src\components\ui\navigation-menu.tsx
FN:11,(anonymous_7)
FN:29,(anonymous_8)
FN:50,(anonymous_9)
FN:68,(anonymous_10)
FN:85,(anonymous_11)
FN:103,(anonymous_12)
FNF:6
FNH:0
FNDA:0,(anonymous_7)
FNDA:0,(anonymous_8)
FNDA:0,(anonymous_9)
FNDA:0,(anonymous_10)
FNDA:0,(anonymous_11)
FNDA:0,(anonymous_12)
DA:1,0
DA:2,0
DA:3,0
DA:4,0
DA:6,0
DA:8,0
DA:11,0
DA:24,0
DA:26,0
DA:29,0
DA:39,0
DA:41,0
DA:43,0
DA:47,0
DA:50,0
DA:63,0
DA:65,0
DA:68,0
DA:78,0
DA:80,0
DA:82,0
DA:85,0
DA:97,0
DA:100,0
DA:103,0
DA:115,0
DA:119,0
DA:120,0
DA:121,0
DA:122,0
DA:123,0
DA:124,0
DA:125,0
DA:126,0
DA:127,0
LF:35
LH:0
BRF:0
BRH:0
end_of_record
TN:
SF:client\src\components\ui\pagination.tsx
FN:7,(anonymous_7)
FN:20,(anonymous_8)
FN:32,(anonymous_9)
FN:42,(anonymous_10)
FN:62,(anonymous_11)
FN:78,(anonymous_12)
FN:94,(anonymous_13)
FNF:7
FNH:0
FNDA:0,(anonymous_7)
FNDA:0,(anonymous_8)
FNDA:0,(anonymous_9)
FNDA:0,(anonymous_10)
FNDA:0,(anonymous_11)
FNDA:0,(anonymous_12)
FNDA:0,(anonymous_13)
DA:1,0
DA:2,0
DA:4,0
DA:5,0
DA:7,0
DA:15,0
DA:17,0
DA:20,0
DA:27,0
DA:29,0
DA:32,0
DA:35,0
DA:42,0
DA:45,0
DA:46,0
DA:47,0
DA:60,0
DA:62,0
DA:63,0
DA:64,0
DA:65,0
DA:76,0
DA:78,0
DA:79,0
DA:80,0
DA:81,0
DA:92,0
DA:94,0
DA:95,0
DA:96,0
DA:97,0
DA:107,0
DA:110,0
DA:111,0
DA:112,0
DA:113,0
DA:114,0
DA:115,0
DA:116,0
LF:39
LH:0
BRDA:45,0,0,0
BRDA:49,1,0,0
BRDA:49,1,1,0
BRDA:52,2,0,0
BRDA:52,2,1,0
BRF:5
BRH:0
end_of_record
TN:
SF:client\src\components\ui\popover.tsx
FN:13,(anonymous_7)
FNF:1
FNH:0
FNDA:0,(anonymous_7)
DA:1,0
DA:2,0
DA:4,0
DA:6,0
DA:8,0
DA:10,0
DA:13,0
DA:27,0
DA:29,0
LF:9
LH:0
BRDA:13,0,0,0
BRDA:13,1,0,0
BRF:2
BRH:0
end_of_record
TN:
SF:client\src\components\ui\progress.tsx
FN:11,(anonymous_7)
FNF:1
FNH:0
FNDA:0,(anonymous_7)
DA:3,0
DA:4,0
DA:6,0
DA:8,0
DA:11,0
DA:26,0
DA:28,0
LF:7
LH:0
BRDA:22,0,0,0
BRDA:22,0,1,0
BRF:2
BRH:0
end_of_record
TN:
SF:client\src\components\ui\radio-group.tsx
FN:10,(anonymous_7)
FN:24,(anonymous_8)
FNF:2
FNH:0
FNDA:0,(anonymous_7)
FNDA:0,(anonymous_8)
DA:1,0
DA:2,0
DA:3,0
DA:5,0
DA:7,0
DA:10,0
DA:11,0
DA:19,0
DA:21,0
DA:24,0
DA:25,0
DA:40,0
DA:42,0
LF:13
LH:0
BRF:0
BRH:0
end_of_record
TN:
SF:client\src\components\ui\scroll-area.tsx
FN:9,(anonymous_7)
FN:27,(anonymous_8)
FNF:2
FNH:0
FNDA:0,(anonymous_7)
FNDA:0,(anonymous_8)
DA:1,0
DA:2,0
DA:4,0
DA:6,0
DA:9,0
DA:22,0
DA:24,0
DA:27,0
DA:44,0
DA:46,0
LF:10
LH:0
BRDA:27,0,0,0
BRDA:33,1,0,0
BRDA:33,1,1,0
BRDA:35,2,0,0
BRDA:35,2,1,0
BRF:5
BRH:0
end_of_record
TN:
SF:client\src\components\ui\select.tsx
FN:18,(anonymous_7)
FN:38,(anonymous_8)
FN:55,(anonymous_9)
FN:73,(anonymous_10)
FN:105,(anonymous_11)
FN:117,(anonymous_12)
FN:140,(anonymous_13)
FNF:7
FNH:0
FNDA:0,(anonymous_7)
FNDA:0,(anonymous_8)
FNDA:0,(anonymous_9)
FNDA:0,(anonymous_10)
FNDA:0,(anonymous_11)
FNDA:0,(anonymous_12)
FNDA:0,(anonymous_13)
DA:3,0
DA:4,0
DA:5,0
DA:7,0
DA:9,0
DA:11,0
DA:13,0
DA:15,0
DA:18,0
DA:33,0
DA:35,0
DA:38,0
DA:50,0
DA:52,0
DA:55,0
DA:67,0
DA:70,0
DA:73,0
DA:100,0
DA:102,0
DA:105,0
DA:112,0
DA:114,0
DA:117,0
DA:135,0
DA:137,0
DA:140,0
DA:147,0
DA:150,0
DA:151,0
DA:152,0
DA:153,0
DA:154,0
DA:155,0
DA:156,0
DA:157,0
DA:158,0
DA:159,0
LF:38
LH:0
BRDA:73,0,0,0
BRDA:79,1,0,0
BRDA:79,1,1,0
BRDA:90,2,0,0
BRDA:90,2,1,0
BRF:5
BRH:0
end_of_record
TN:
SF:client\src\components\ui\separator.tsx
FN:10,(anonymous_7)
FNF:1
FNH:0
FNDA:0,(anonymous_7)
DA:1,0
DA:2,0
DA:4,0
DA:6,0
DA:11,0
DA:13,0
DA:27,0
DA:29,0
LF:8
LH:0
BRDA:11,0,0,0
BRDA:11,1,0,0
BRDA:20,2,0,0
BRDA:20,2,1,0
BRF:4
BRH:0
end_of_record
TN:
SF:client\src\components\ui\sheet.tsx
FN:21,(anonymous_7)
FN:59,(anonymous_8)
FN:77,(anonymous_9)
FN:91,(anonymous_10)
FN:108,(anonymous_11)
FN:120,(anonymous_12)
FNF:6
FNH:0
FNDA:0,(anonymous_7)
FNDA:0,(anonymous_8)
FNDA:0,(anonymous_9)
FNDA:0,(anonymous_10)
FNDA:0,(anonymous_11)
FNDA:0,(anonymous_12)
DA:3,0
DA:4,0
DA:5,0
DA:6,0
DA:8,0
DA:10,0
DA:12,0
DA:14,0
DA:16,0
DA:18,0
DA:21,0
DA:31,0
DA:33,0
DA:56,0
DA:59,0
DA:75,0
DA:77,0
DA:78,0
DA:79,0
DA:80,0
DA:89,0
DA:91,0
DA:92,0
DA:93,0
DA:94,0
DA:103,0
DA:105,0
DA:108,0
DA:115,0
DA:117,0
DA:120,0
DA:127,0
DA:130,0
DA:131,0
DA:132,0
DA:133,0
DA:134,0
DA:135,0
DA:136,0
DA:137,0
DA:138,0
DA:139,0
LF:42
LH:0
BRDA:59,0,0,0
BRF:1
BRH:0
end_of_record
TN:
SF:client\src\components\ui\sidebar.tsx
FN:45,useSidebar
FN:62,(anonymous_8)
FN:82,(anonymous_9)
FN:97,(anonymous_10)
FN:99,(anonymous_11)
FN:100,(anonymous_12)
FN:104,(anonymous_13)
FN:105,(anonymous_14)
FN:116,(anonymous_15)
FN:124,(anonymous_16)
FN:171,(anonymous_17)
FN:273,(anonymous_18)
FN:283,(anonymous_19)
FN:299,(anonymous_20)
FN:328,(anonymous_21)
FN:346,(anonymous_22)
FN:364,(anonymous_23)
FN:379,(anonymous_24)
FN:394,(anonymous_25)
FN:409,(anonymous_26)
FN:427,(anonymous_27)
FN:442,(anonymous_28)
FN:463,(anonymous_29)
FN:486,(anonymous_30)
FN:499,(anonymous_31)
FN:512,(anonymous_32)
FN:552,(anonymous_33)
FN:609,(anonymous_34)
FN:637,(anonymous_35)
FN:660,(anonymous_36)
FN:662,(anonymous_37)
FN:696,(anonymous_38)
FN:713,(anonymous_39)
FN:723,(anonymous_40)
FNF:34
FNH:0
FNDA:0,useSidebar
FNDA:0,(anonymous_8)
FNDA:0,(anonymous_9)
FNDA:0,(anonymous_10)
FNDA:0,(anonymous_11)
FNDA:0,(anonymous_12)
FNDA:0,(anonymous_13)
FNDA:0,(anonymous_14)
FNDA:0,(anonymous_15)
FNDA:0,(anonymous_16)
FNDA:0,(anonymous_17)
FNDA:0,(anonymous_18)
FNDA:0,(anonymous_19)
FNDA:0,(anonymous_20)
FNDA:0,(anonymous_21)
FNDA:0,(anonymous_22)
FNDA:0,(anonymous_23)
FNDA:0,(anonymous_24)
FNDA:0,(anonymous_25)
FNDA:0,(anonymous_26)
FNDA:0,(anonymous_27)
FNDA:0,(anonymous_28)
FNDA:0,(anonymous_29)
FNDA:0,(anonymous_30)
FNDA:0,(anonymous_31)
FNDA:0,(anonymous_32)
FNDA:0,(anonymous_33)
FNDA:0,(anonymous_34)
FNDA:0,(anonymous_35)
FNDA:0,(anonymous_36)
FNDA:0,(anonymous_37)
FNDA:0,(anonymous_38)
FNDA:0,(anonymous_39)
FNDA:0,(anonymous_40)
DA:1,0
DA:2,0
DA:3,0
DA:4,0
DA:6,0
DA:7,0
DA:8,0
DA:9,0
DA:10,0
DA:11,0
DA:18,0
DA:19,0
DA:26,0
DA:27,0
DA:28,0
DA:29,0
DA:30,0
DA:31,0
DA:43,0
DA:46,0
DA:47,0
DA:48,0
DA:51,0
DA:54,0
DA:69,0
DA:70,0
DA:74,0
DA:75,0
DA:79,0
DA:80,0
DA:81,0
DA:83,0
DA:84,0
DA:85,0
DA:87,0
DA:91,0
DA:97,0
DA:98,0
DA:99,0
DA:100,0
DA:104,0
DA:105,0
DA:106,0
DA:110,0
DA:111,0
DA:115,0
DA:116,0
DA:121,0
DA:123,0
DA:124,0
DA:136,0
DA:161,0
DA:163,0
DA:177,0
DA:178,0
DA:182,0
DA:184,0
DA:185,0
DA:199,0
DA:200,0
DA:223,0
DA:268,0
DA:270,0
DA:273,0
DA:274,0
DA:276,0
DA:284,0
DA:285,0
DA:294,0
DA:296,0
DA:299,0
DA:300,0
DA:302,0
DA:323,0
DA:325,0
DA:328,0
DA:329,0
DA:341,0
DA:343,0
DA:346,0
DA:347,0
DA:359,0
DA:361,0
DA:364,0
DA:365,0
DA:374,0
DA:376,0
DA:379,0
DA:380,0
DA:389,0
DA:391,0
DA:394,0
DA:395,0
DA:404,0
DA:406,0
DA:409,0
DA:410,0
DA:422,0
DA:424,0
DA:427,0
DA:428,0
DA:437,0
DA:439,0
DA:442,0
DA:443,0
DA:445,0
DA:458,0
DA:460,0
DA:463,0
DA:464,0
DA:466,0
DA:481,0
DA:483,0
DA:486,0
DA:494,0
DA:496,0
DA:499,0
DA:507,0
DA:509,0
DA:512,0
DA:520,0
DA:522,0
DA:544,0
DA:559,0
DA:560,0
DA:564,0
DA:565,0
DA:568,0
DA:578,0
DA:579,0
DA:582,0
DA:583,0
DA:588,0
DA:601,0
DA:603,0
DA:609,0
DA:610,0
DA:612,0
DA:632,0
DA:634,0
DA:637,0
DA:653,0
DA:655,0
DA:660,0
DA:662,0
DA:663,0
DA:666,0
DA:691,0
DA:693,0
DA:696,0
DA:708,0
DA:710,0
DA:713,0
DA:714,0
DA:716,0
DA:723,0
DA:724,0
DA:726,0
DA:744,0
DA:747,0
DA:748,0
DA:749,0
DA:750,0
DA:751,0
DA:752,0
DA:753,0
DA:754,0
DA:755,0
DA:756,0
DA:757,0
DA:758,0
DA:759,0
DA:760,0
DA:761,0
DA:762,0
DA:763,0
DA:764,0
DA:765,0
DA:766,0
DA:767,0
DA:768,0
DA:769,0
DA:770,0
LF:183
LH:0
BRDA:47,0,0,0
BRDA:47,0,1,0
BRDA:64,1,0,0
BRDA:80,2,0,0
BRDA:80,2,1,0
BRDA:80,3,0,0
BRDA:80,3,1,0
BRDA:83,4,0,0
BRDA:83,4,1,0
BRDA:84,5,0,0
BRDA:84,5,1,0
BRDA:98,6,0,0
BRDA:98,6,1,0
BRDA:106,7,0,0
BRDA:106,7,1,0
BRDA:107,8,0,0
BRDA:107,8,1,0
BRDA:107,8,2,0
BRDA:121,9,0,0
BRDA:121,9,1,0
BRDA:173,10,0,0
BRDA:174,11,0,0
BRDA:175,12,0,0
BRDA:184,13,0,0
BRDA:184,13,1,0
BRDA:199,14,0,0
BRDA:199,14,1,0
BRDA:228,15,0,0
BRDA:228,15,1,0
BRDA:238,16,0,0
BRDA:238,16,1,0
BRDA:238,17,0,0
BRDA:238,17,1,0
BRDA:246,18,0,0
BRDA:246,18,1,0
BRDA:250,19,0,0
BRDA:250,19,1,0
BRDA:250,20,0,0
BRDA:250,20,1,0
BRDA:284,21,0,0
BRDA:284,21,1,0
BRDA:284,22,0,0
BRDA:284,22,1,0
BRDA:442,23,0,0
BRDA:443,24,0,0
BRDA:443,24,1,0
BRDA:463,25,0,0
BRDA:464,26,0,0
BRDA:464,26,1,0
BRDA:554,27,0,0
BRDA:555,28,0,0
BRDA:556,29,0,0
BRDA:557,30,0,0
BRDA:564,31,0,0
BRDA:564,31,1,0
BRDA:578,32,0,0
BRDA:578,32,1,0
BRDA:582,33,0,0
BRDA:582,33,1,0
BRDA:594,34,0,0
BRDA:594,34,1,0
BRDA:609,35,0,0
BRDA:609,36,0,0
BRDA:610,37,0,0
BRDA:610,37,1,0
BRDA:624,38,0,0
BRDA:624,38,1,0
BRDA:660,39,0,0
BRDA:673,40,0,0
BRDA:673,40,1,0
BRDA:723,41,0,0
BRDA:723,42,0,0
BRDA:724,43,0,0
BRDA:724,43,1,0
BRDA:735,44,0,0
BRDA:735,44,1,0
BRDA:736,45,0,0
BRDA:736,45,1,0
BRF:78
BRH:0
end_of_record
TN:
SF:client\src\components\ui\slider.tsx
FN:9,(anonymous_7)
FNF:1
FNH:0
FNDA:0,(anonymous_7)
DA:1,0
DA:2,0
DA:4,0
DA:6,0
DA:9,0
DA:24,0
DA:26,0
LF:7
LH:0
BRF:0
BRH:0
end_of_record
TN:
SF:client\src\components\ui\switch.tsx
FN:9,(anonymous_7)
FNF:1
FNH:0
FNDA:0,(anonymous_7)
DA:1,0
DA:2,0
DA:4,0
DA:6,0
DA:9,0
DA:25,0
DA:27,0
LF:7
LH:0
BRF:0
BRH:0
end_of_record
TN:
SF:client\src\components\ui\table.tsx
FN:8,(anonymous_7)
FN:22,(anonymous_8)
FN:30,(anonymous_9)
FN:42,(anonymous_10)
FN:57,(anonymous_11)
FN:72,(anonymous_12)
FN:87,(anonymous_13)
FN:99,(anonymous_14)
FNF:8
FNH:0
FNDA:0,(anonymous_7)
FNDA:0,(anonymous_8)
FNDA:0,(anonymous_9)
FNDA:0,(anonymous_10)
FNDA:0,(anonymous_11)
FNDA:0,(anonymous_12)
FNDA:0,(anonymous_13)
FNDA:0,(anonymous_14)
DA:1,0
DA:3,0
DA:5,0
DA:8,0
DA:17,0
DA:19,0
DA:22,0
DA:25,0
DA:27,0
DA:30,0
DA:37,0
DA:39,0
DA:42,0
DA:52,0
DA:54,0
DA:57,0
DA:67,0
DA:69,0
DA:72,0
DA:82,0
DA:84,0
DA:87,0
DA:94,0
DA:96,0
DA:99,0
DA:106,0
DA:109,0
DA:110,0
DA:111,0
DA:112,0
DA:113,0
DA:114,0
DA:115,0
DA:116,0
LF:34
LH:0
BRF:0
BRH:0
end_of_record
TN:
SF:client\src\components\ui\tabs.tsx
FN:11,(anonymous_7)
FN:26,(anonymous_8)
FN:41,(anonymous_9)
FNF:3
FNH:0
FNDA:0,(anonymous_7)
FNDA:0,(anonymous_8)
FNDA:0,(anonymous_9)
DA:1,0
DA:2,0
DA:4,0
DA:6,0
DA:8,0
DA:11,0
DA:21,0
DA:23,0
DA:26,0
DA:36,0
DA:38,0
DA:41,0
DA:51,0
DA:53,0
LF:14
LH:0
BRF:0
BRH:0
end_of_record
TN:
SF:client\src\components\ui\textarea.tsx
FN:8,(anonymous_7)
FNF:1
FNH:0
FNDA:0,(anonymous_7)
DA:1,0
DA:3,0
DA:5,0
DA:8,0
DA:9,0
DA:20,0
DA:22,0
LF:7
LH:0
BRF:0
BRH:0
end_of_record
TN:
SF:client\src\components\ui\toast.tsx
FN:13,(anonymous_7)
FN:45,(anonymous_8)
FN:59,(anonymous_9)
FN:74,(anonymous_10)
FN:92,(anonymous_11)
FN:104,(anonymous_12)
FNF:6
FNH:0
FNDA:0,(anonymous_7)
FNDA:0,(anonymous_8)
FNDA:0,(anonymous_9)
FNDA:0,(anonymous_10)
FNDA:0,(anonymous_11)
FNDA:0,(anonymous_12)
DA:1,0
DA:2,0
DA:3,0
DA:4,0
DA:6,0
DA:8,0
DA:10,0
DA:13,0
DA:23,0
DA:25,0
DA:41,0
DA:45,0
DA:46,0
DA:54,0
DA:56,0
DA:59,0
DA:69,0
DA:71,0
DA:74,0
DA:87,0
DA:89,0
DA:92,0
DA:99,0
DA:101,0
DA:104,0
DA:111,0
DA:120,0
DA:121,0
DA:122,0
DA:123,0
DA:124,0
DA:125,0
DA:126,0
LF:33
LH:0
BRF:0
BRH:0
end_of_record
TN:
SF:client\src\components\ui\toggle-group.tsx
FN:21,(anonymous_7)
FN:39,(anonymous_8)
FNF:2
FNH:0
FNDA:0,(anonymous_7)
FNDA:0,(anonymous_8)
DA:3,0
DA:4,0
DA:7,0
DA:8,0
DA:10,0
DA:17,0
DA:21,0
DA:33,0
DA:35,0
DA:39,0
DA:40,0
DA:42,0
DA:59,0
DA:61,0
LF:14
LH:0
BRDA:47,0,0,0
BRDA:47,0,1,0
BRDA:48,1,0,0
BRDA:48,1,1,0
BRF:4
BRH:0
end_of_record
TN:
SF:client\src\components\ui\toggle.tsx
FN:33,(anonymous_7)
FNF:1
FNH:0
FNDA:0,(anonymous_7)
DA:1,0
DA:2,0
DA:3,0
DA:5,0
DA:7,0
DA:29,0
DA:33,0
DA:41,0
DA:43,0
LF:9
LH:0
BRF:0
BRH:0
end_of_record
TN:
SF:client\src\components\ui\tooltip.tsx
FN:17,(anonymous_7)
FNF:1
FNH:0
FNDA:0,(anonymous_7)
DA:3,0
DA:4,0
DA:6,0
DA:8,0
DA:10,0
DA:12,0
DA:14,0
DA:17,0
DA:28,0
DA:30,0
LF:10
LH:0
BRDA:17,0,0,0
BRF:1
BRH:0
end_of_record
TN:
SF:client\src\hooks\use-mobile.tsx
FN:5,useIsMobile
FN:8,(anonymous_7)
FN:10,(anonymous_8)
FN:15,(anonymous_9)
FNF:4
FNH:0
FNDA:0,useIsMobile
FNDA:0,(anonymous_7)
FNDA:0,(anonymous_8)
FNDA:0,(anonymous_9)
DA:1,0
DA:3,0
DA:5,0
DA:6,0
DA:8,0
DA:9,0
DA:10,0
DA:11,0
DA:13,0
DA:14,0
DA:15,0
DA:18,0
LF:12
LH:0
BRF:0
BRH:0
end_of_record
TN:
SF:client\src\hooks\use-permissions.ts
FN:4,usePermissions
FN:5,(anonymous_1)
FN:7,(anonymous_2)
FN:11,(anonymous_3)
FN:15,(anonymous_4)
FNF:5
FNH:0
FNDA:0,usePermissions
FNDA:0,(anonymous_1)
FNDA:0,(anonymous_2)
FNDA:0,(anonymous_3)
FNDA:0,(anonymous_4)
DA:1,0
DA:2,0
DA:4,0
DA:5,0
DA:7,0
DA:8,0
DA:11,0
DA:12,0
DA:15,0
DA:16,0
DA:19,0
LF:11
LH:0
BRDA:8,0,0,0
BRDA:8,0,1,0
BRDA:8,1,0,0
BRDA:8,1,1,0
BRDA:12,2,0,0
BRDA:12,2,1,0
BRDA:12,3,0,0
BRDA:12,3,1,0
BRDA:16,4,0,0
BRDA:16,4,1,0
BRDA:16,5,0,0
BRDA:16,5,1,0
BRF:12
BRH:0
end_of_record
TN:
SF:client\src\hooks\use-toast.ts
FN:27,genId
FN:58,(anonymous_8)
FN:63,(anonymous_9)
FN:74,(anonymous_10)
FN:85,(anonymous_11)
FN:98,(anonymous_12)
FN:105,(anonymous_13)
FN:124,(anonymous_14)
FN:133,dispatch
FN:135,(anonymous_16)
FN:142,toast
FN:145,(anonymous_18)
FN:150,(anonymous_19)
FN:158,(anonymous_20)
FN:171,useToast
FN:174,(anonymous_22)
FN:176,(anonymous_23)
FN:187,(anonymous_24)
FNF:18
FNH:0
FNDA:0,genId
FNDA:0,(anonymous_8)
FNDA:0,(anonymous_9)
FNDA:0,(anonymous_10)
FNDA:0,(anonymous_11)
FNDA:0,(anonymous_12)
FNDA:0,(anonymous_13)
FNDA:0,(anonymous_14)
FNDA:0,dispatch
FNDA:0,(anonymous_16)
FNDA:0,toast
FNDA:0,(anonymous_18)
FNDA:0,(anonymous_19)
FNDA:0,(anonymous_20)
FNDA:0,useToast
FNDA:0,(anonymous_22)
FNDA:0,(anonymous_23)
FNDA:0,(anonymous_24)
DA:1,0
DA:8,0
DA:9,0
DA:18,0
DA:25,0
DA:28,0
DA:29,0
DA:56,0
DA:58,0
DA:59,0
DA:60,0
DA:63,0
DA:64,0
DA:65,0
DA:71,0
DA:74,0
DA:75,0
DA:77,0
DA:83,0
DA:86,0
DA:91,0
DA:95,0
DA:96,0
DA:98,0
DA:99,0
DA:103,0
DA:106,0
DA:116,0
DA:117,0
DA:122,0
DA:124,0
DA:129,0
DA:131,0
DA:134,0
DA:135,0
DA:136,0
DA:142,0
DA:143,0
DA:145,0
DA:146,0
DA:150,0
DA:152,0
DA:159,0
DA:164,0
DA:172,0
DA:174,0
DA:175,0
DA:176,0
DA:177,0
DA:178,0
DA:179,0
DA:184,0
DA:187,0
DA:191,0
LF:54
LH:0
BRDA:59,0,0,0
BRDA:59,0,1,0
BRDA:75,1,0,0
BRDA:75,1,1,0
BRDA:75,1,2,0
BRDA:75,1,3,0
BRDA:86,2,0,0
BRDA:86,2,1,0
BRDA:95,3,0,0
BRDA:95,3,1,0
BRDA:106,4,0,0
BRDA:106,4,1,0
BRDA:106,5,0,0
BRDA:106,5,1,0
BRDA:116,6,0,0
BRDA:116,6,1,0
BRDA:159,7,0,0
BRDA:159,7,1,0
BRDA:178,8,0,0
BRDA:178,8,1,0
BRF:20
BRH:0
end_of_record
TN:
SF:client\src\lib\b2b-client.ts
FN:9,(anonymous_7)
FN:16,(anonymous_8)
FN:16,(anonymous_9)
FN:43,(anonymous_10)
FN:50,(anonymous_12)
FN:57,(anonymous_14)
FN:62,(anonymous_16)
FN:74,(anonymous_18)
FN:79,(anonymous_20)
FN:91,(anonymous_22)
FN:96,(anonymous_24)
FN:100,(anonymous_26)
FN:104,(anonymous_28)
FN:109,(anonymous_30)
FN:121,(anonymous_32)
FN:126,(anonymous_34)
FN:131,(anonymous_35)
FNF:17
FNH:0
FNDA:0,(anonymous_7)
FNDA:0,(anonymous_8)
FNDA:0,(anonymous_9)
FNDA:0,(anonymous_10)
FNDA:0,(anonymous_12)
FNDA:0,(anonymous_14)
FNDA:0,(anonymous_16)
FNDA:0,(anonymous_18)
FNDA:0,(anonymous_20)
FNDA:0,(anonymous_22)
FNDA:0,(anonymous_24)
FNDA:0,(anonymous_26)
FNDA:0,(anonymous_28)
FNDA:0,(anonymous_30)
FNDA:0,(anonymous_32)
FNDA:0,(anonymous_34)
FNDA:0,(anonymous_35)
DA:1,0
DA:3,0
DA:10,0
DA:11,0
DA:12,0
DA:13,0
DA:16,0
DA:17,0
DA:19,0
DA:26,0
DA:27,0
DA:30,0
DA:35,0
DA:36,0
DA:39,0
DA:44,0
DA:51,0
DA:58,0
DA:63,0
DA:64,0
DA:65,0
DA:66,0
DA:67,0
DA:68,0
DA:70,0
DA:71,0
DA:75,0
DA:80,0
DA:81,0
DA:82,0
DA:83,0
DA:84,0
DA:85,0
DA:87,0
DA:88,0
DA:92,0
DA:97,0
DA:101,0
DA:105,0
DA:110,0
DA:111,0
DA:112,0
DA:113,0
DA:114,0
DA:115,0
DA:117,0
DA:118,0
DA:122,0
DA:127,0
DA:132,0
DA:136,0
LF:51
LH:0
BRDA:16,0,0,0
BRDA:26,1,0,0
BRDA:26,1,1,0
BRDA:35,2,0,0
BRDA:35,2,1,0
BRDA:64,3,0,0
BRDA:64,3,1,0
BRDA:64,4,0,0
BRDA:64,4,1,0
BRDA:64,5,0,0
BRDA:64,5,1,0
BRDA:65,6,0,0
BRDA:65,6,1,0
BRDA:65,7,0,0
BRDA:65,7,1,0
BRDA:65,8,0,0
BRDA:65,8,1,0
BRDA:65,9,0,0
BRDA:65,9,1,0
BRDA:66,10,0,0
BRDA:66,10,1,0
BRDA:66,11,0,0
BRDA:66,11,1,0
BRDA:66,12,0,0
BRDA:66,12,1,0
BRDA:67,13,0,0
BRDA:67,13,1,0
BRDA:67,14,0,0
BRDA:67,14,1,0
BRDA:67,15,0,0
BRDA:67,15,1,0
BRDA:68,16,0,0
BRDA:68,16,1,0
BRDA:68,17,0,0
BRDA:68,17,1,0
BRDA:68,18,0,0
BRDA:68,18,1,0
BRDA:71,19,0,0
BRDA:71,19,1,0
BRDA:81,20,0,0
BRDA:81,20,1,0
BRDA:81,21,0,0
BRDA:81,21,1,0
BRDA:81,22,0,0
BRDA:81,22,1,0
BRDA:82,23,0,0
BRDA:82,23,1,0
BRDA:82,24,0,0
BRDA:82,24,1,0
BRDA:82,25,0,0
BRDA:82,25,1,0
BRDA:82,26,0,0
BRDA:82,26,1,0
BRDA:83,27,0,0
BRDA:83,27,1,0
BRDA:83,28,0,0
BRDA:83,28,1,0
BRDA:83,29,0,0
BRDA:83,29,1,0
BRDA:84,30,0,0
BRDA:84,30,1,0
BRDA:84,31,0,0
BRDA:84,31,1,0
BRDA:84,32,0,0
BRDA:84,32,1,0
BRDA:85,33,0,0
BRDA:85,33,1,0
BRDA:85,34,0,0
BRDA:85,34,1,0
BRDA:85,35,0,0
BRDA:85,35,1,0
BRDA:88,36,0,0
BRDA:88,36,1,0
BRDA:111,37,0,0
BRDA:111,37,1,0
BRDA:111,38,0,0
BRDA:111,38,1,0
BRDA:111,39,0,0
BRDA:111,39,1,0
BRDA:112,40,0,0
BRDA:112,40,1,0
BRDA:112,41,0,0
BRDA:112,41,1,0
BRDA:112,42,0,0
BRDA:112,42,1,0
BRDA:112,43,0,0
BRDA:112,43,1,0
BRDA:113,44,0,0
BRDA:113,44,1,0
BRDA:113,45,0,0
BRDA:113,45,1,0
BRDA:113,46,0,0
BRDA:113,46,1,0
BRDA:114,47,0,0
BRDA:114,47,1,0
BRDA:114,48,0,0
BRDA:114,48,1,0
BRDA:114,49,0,0
BRDA:114,49,1,0
BRDA:115,50,0,0
BRDA:115,50,1,0
BRDA:115,51,0,0
BRDA:115,51,1,0
BRDA:115,52,0,0
BRDA:115,52,1,0
BRDA:118,53,0,0
BRDA:118,53,1,0
BRF:107
BRH:0
end_of_record
TN:
SF:client\src\lib\currency.ts
FN:16,formatCurrency
FN:47,getCurrencySymbol
FNF:2
FNH:0
FNDA:0,formatCurrency
FNDA:0,getCurrencySymbol
DA:16,0
DA:17,0
DA:19,0
DA:20,0
DA:24,0
DA:33,0
DA:34,0
DA:35,0
DA:38,0
DA:39,0
DA:41,0
DA:47,0
DA:48,0
LF:13
LH:0
BRDA:17,0,0,0
BRDA:17,0,1,0
BRDA:19,1,0,0
BRDA:19,1,1,0
BRDA:24,2,0,0
BRDA:24,2,1,0
BRDA:38,3,0,0
BRDA:38,3,1,0
BRDA:48,4,0,0
BRDA:48,4,1,0
BRDA:48,5,0,0
BRDA:48,5,1,0
BRDA:48,6,0,0
BRDA:48,6,1,0
BRF:14
BRH:0
end_of_record
TN:
SF:client\src\lib\permissions.ts
FN:54,hasPermission
FN:61,hasAnyPermission
FN:62,(anonymous_2)
FN:66,hasAllPermissions
FN:67,(anonymous_4)
FN:71,getCurrentUser
FN:81,canCurrentUser
FNF:7
FNH:0
FNDA:0,hasPermission
FNDA:0,hasAnyPermission
FNDA:0,(anonymous_2)
FNDA:0,hasAllPermissions
FNDA:0,(anonymous_4)
FNDA:0,getCurrentUser
FNDA:0,canCurrentUser
DA:18,0
DA:54,0
DA:55,0
DA:56,0
DA:57,0
DA:61,0
DA:62,0
DA:66,0
DA:67,0
DA:71,0
DA:72,0
DA:73,0
DA:74,0
DA:76,0
DA:81,0
DA:82,0
DA:83,0
LF:17
LH:0
BRDA:55,0,0,0
BRDA:55,0,1,0
BRDA:56,1,0,0
BRDA:56,1,1,0
BRDA:74,2,0,0
BRDA:74,2,1,0
BRDA:83,3,0,0
BRDA:83,3,1,0
BRDA:83,4,0,0
BRDA:83,4,1,0
BRF:10
BRH:0
end_of_record
TN:
SF:client\src\lib\queryClient.ts
FN:3,throwIfResNotOk
FN:10,apiRequest
FN:36,(anonymous_11)
FN:37,(anonymous_12)
FN:37,(anonymous_13)
FN:49,(anonymous_14)
FNF:6
FNH:0
FNDA:0,throwIfResNotOk
FNDA:0,apiRequest
FNDA:0,(anonymous_11)
FNDA:0,(anonymous_12)
FNDA:0,(anonymous_13)
FNDA:0,(anonymous_14)
DA:1,0
DA:4,0
DA:5,0
DA:6,0
DA:10,0
DA:15,0
DA:16,0
DA:21,0
DA:28,0
DA:29,0
DA:33,0
DA:36,0
DA:37,0
DA:38,0
DA:39,0
DA:42,0
DA:43,0
DA:46,0
DA:47,0
DA:48,0
DA:49,0
DA:50,0
DA:51,0
DA:54,0
DA:55,0
DA:56,0
DA:60,0
DA:65,0
DA:66,0
DA:69,0
DA:70,0
DA:73,0
LF:32
LH:0
BRDA:4,0,0,0
BRDA:4,0,1,0
BRDA:5,1,0,0
BRDA:5,1,1,0
BRDA:17,2,0,0
BRDA:17,2,1,0
BRDA:18,3,0,0
BRDA:18,3,1,0
BRDA:24,4,0,0
BRDA:24,4,1,0
BRDA:39,5,0,0
BRDA:39,5,1,0
BRDA:47,6,0,0
BRDA:47,6,1,0
BRDA:47,7,0,0
BRDA:47,7,1,0
BRDA:50,8,0,0
BRDA:50,8,1,0
BRDA:50,9,0,0
BRDA:50,9,1,0
BRDA:55,10,0,0
BRDA:55,10,1,0
BRDA:65,11,0,0
BRDA:65,11,1,0
BRDA:65,12,0,0
BRDA:65,12,1,0
BRF:26
BRH:0
end_of_record
TN:
SF:client\src\lib\utils.ts
FN:4,cn
FNF:1
FNH:0
FNDA:0,cn
DA:1,0
DA:2,0
DA:4,0
DA:5,0
LF:4
LH:0
BRF:0
BRH:0
end_of_record
TN:
SF:server\bigcommerce.ts
FN:14,(anonymous_7)
FN:31,(anonymous_8)
FN:31,(anonymous_9)
FN:76,(anonymous_10)
FN:105,(anonymous_12)
FN:120,(anonymous_14)
FN:121,(anonymous_15)
FN:123,(anonymous_16)
FN:124,(anonymous_17)
FN:145,(anonymous_18)
FN:168,(anonymous_20)
FN:204,(anonymous_22)
FN:217,(anonymous_23)
FN:217,(anonymous_24)
FN:257,(anonymous_25)
FN:266,(anonymous_27)
FN:278,(anonymous_29)
FN:282,(anonymous_31)
FN:290,(anonymous_33)
FN:298,(anonymous_35)
FN:307,(anonymous_37)
FN:311,(anonymous_39)
FN:315,(anonymous_41)
FN:320,(anonymous_43)
FN:332,(anonymous_45)
FN:336,(anonymous_47)
FN:341,(anonymous_49)
FN:348,(anonymous_51)
FN:352,(anonymous_53)
FNF:29
FNH:0
FNDA:0,(anonymous_7)
FNDA:0,(anonymous_8)
FNDA:0,(anonymous_9)
FNDA:0,(anonymous_10)
FNDA:0,(anonymous_12)
FNDA:0,(anonymous_14)
FNDA:0,(anonymous_15)
FNDA:0,(anonymous_16)
FNDA:0,(anonymous_17)
FNDA:0,(anonymous_18)
FNDA:0,(anonymous_20)
FNDA:0,(anonymous_22)
FNDA:0,(anonymous_23)
FNDA:0,(anonymous_24)
FNDA:0,(anonymous_25)
FNDA:0,(anonymous_27)
FNDA:0,(anonymous_29)
FNDA:0,(anonymous_31)
FNDA:0,(anonymous_33)
FNDA:0,(anonymous_35)
FNDA:0,(anonymous_37)
FNDA:0,(anonymous_39)
FNDA:0,(anonymous_41)
FNDA:0,(anonymous_43)
FNDA:0,(anonymous_45)
FNDA:0,(anonymous_47)
FNDA:0,(anonymous_49)
FNDA:0,(anonymous_51)
FNDA:0,(anonymous_53)
DA:1,0
DA:11,0
DA:15,0
DA:23,0
DA:31,0
DA:32,0
DA:34,0
DA:36,0
DA:44,0
DA:45,0
DA:49,0
DA:50,0
DA:53,0
DA:55,0
DA:56,0
DA:61,0
DA:63,0
DA:64,0
DA:65,0
DA:68,0
DA:70,0
DA:71,0
DA:77,0
DA:79,0
DA:91,0
DA:92,0
DA:101,0
DA:107,0
DA:108,0
DA:113,0
DA:114,0
DA:116,0
DA:120,0
DA:121,0
DA:123,0
DA:124,0
DA:128,0
DA:130,0
DA:146,0
DA:147,0
DA:148,0
DA:149,0
DA:150,0
DA:151,0
DA:153,0
DA:154,0
DA:157,0
DA:158,0
DA:159,0
DA:160,0
DA:161,0
DA:165,0
DA:173,0
DA:174,0
DA:175,0
DA:176,0
DA:177,0
DA:179,0
DA:183,0
DA:184,0
DA:185,0
DA:187,0
DA:188,0
DA:190,0
DA:191,0
DA:193,0
DA:196,0
DA:200,0
DA:201,0
DA:202,0
DA:204,0
DA:205,0
DA:209,0
DA:210,0
DA:213,0
DA:214,0
DA:217,0
DA:218,0
DA:220,0
DA:222,0
DA:229,0
DA:230,0
DA:234,0
DA:235,0
DA:236,0
DA:239,0
DA:241,0
DA:247,0
DA:249,0
DA:250,0
DA:251,0
DA:254,0
DA:258,0
DA:267,0
DA:268,0
DA:269,0
DA:270,0
DA:271,0
DA:272,0
DA:274,0
DA:275,0
DA:279,0
DA:283,0
DA:291,0
DA:299,0
DA:308,0
DA:312,0
DA:316,0
DA:321,0
DA:322,0
DA:323,0
DA:324,0
DA:325,0
DA:326,0
DA:328,0
DA:329,0
DA:333,0
DA:337,0
DA:342,0
DA:343,0
DA:344,0
DA:349,0
DA:353,0
DA:357,0
LF:124
LH:0
BRDA:16,0,0,0
BRDA:16,0,1,0
BRDA:16,0,2,0
BRDA:17,1,0,0
BRDA:17,1,1,0
BRDA:19,2,0,0
BRDA:19,2,1,0
BRDA:20,3,0,0
BRDA:20,3,1,0
BRDA:31,4,0,0
BRDA:34,5,0,0
BRDA:34,5,1,0
BRDA:40,6,0,0
BRDA:40,6,1,0
BRDA:44,7,0,0
BRDA:44,7,1,0
BRDA:49,8,0,0
BRDA:49,8,1,0
BRDA:53,9,0,0
BRDA:53,9,1,0
BRDA:63,10,0,0
BRDA:63,10,1,0
BRDA:68,11,0,0
BRDA:68,11,1,0
BRDA:77,12,0,0
BRDA:77,12,1,0
BRDA:91,13,0,0
BRDA:91,13,1,0
BRDA:91,14,0,0
BRDA:91,14,1,0
BRDA:91,14,2,0
BRDA:101,15,0,0
BRDA:101,15,1,0
BRDA:101,16,0,0
BRDA:101,16,1,0
BRDA:101,17,0,0
BRDA:101,17,1,0
BRDA:101,18,0,0
BRDA:101,18,1,0
BRDA:101,19,0,0
BRDA:101,19,1,0
BRDA:113,20,0,0
BRDA:113,20,1,0
BRDA:113,20,2,0
BRDA:113,21,0,0
BRDA:113,21,1,0
BRDA:113,22,0,0
BRDA:113,22,1,0
BRDA:113,23,0,0
BRDA:113,23,1,0
BRDA:113,24,0,0
BRDA:113,24,1,0
BRDA:113,25,0,0
BRDA:113,25,1,0
BRDA:113,26,0,0
BRDA:113,26,1,0
BRDA:114,27,0,0
BRDA:114,27,1,0
BRDA:114,27,2,0
BRDA:114,28,0,0
BRDA:114,28,1,0
BRDA:114,29,0,0
BRDA:114,29,1,0
BRDA:114,30,0,0
BRDA:114,30,1,0
BRDA:114,31,0,0
BRDA:114,31,1,0
BRDA:114,32,0,0
BRDA:114,32,1,0
BRDA:114,33,0,0
BRDA:114,33,1,0
BRDA:120,34,0,0
BRDA:120,34,1,0
BRDA:120,35,0,0
BRDA:120,35,1,0
BRDA:120,36,0,0
BRDA:120,36,1,0
BRDA:120,37,0,0
BRDA:120,37,1,0
BRDA:120,38,0,0
BRDA:120,38,1,0
BRDA:121,39,0,0
BRDA:121,39,1,0
BRDA:121,40,0,0
BRDA:121,40,1,0
BRDA:121,41,0,0
BRDA:121,41,1,0
BRDA:121,42,0,0
BRDA:121,42,1,0
BRDA:121,43,0,0
BRDA:121,43,1,0
BRDA:123,44,0,0
BRDA:123,44,1,0
BRDA:123,45,0,0
BRDA:123,45,1,0
BRDA:123,46,0,0
BRDA:123,46,1,0
BRDA:123,47,0,0
BRDA:123,47,1,0
BRDA:123,48,0,0
BRDA:123,48,1,0
BRDA:124,49,0,0
BRDA:124,49,1,0
BRDA:124,50,0,0
BRDA:124,50,1,0
BRDA:147,51,0,0
BRDA:147,51,1,0
BRDA:147,52,0,0
BRDA:147,52,1,0
BRDA:147,53,0,0
BRDA:147,53,1,0
BRDA:148,54,0,0
BRDA:148,54,1,0
BRDA:148,55,0,0
BRDA:148,55,1,0
BRDA:148,56,0,0
BRDA:148,56,1,0
BRDA:148,57,0,0
BRDA:148,57,1,0
BRDA:149,58,0,0
BRDA:149,58,1,0
BRDA:149,59,0,0
BRDA:149,59,1,0
BRDA:149,60,0,0
BRDA:149,60,1,0
BRDA:150,61,0,0
BRDA:150,61,1,0
BRDA:150,62,0,0
BRDA:150,62,1,0
BRDA:150,63,0,0
BRDA:150,63,1,0
BRDA:151,64,0,0
BRDA:151,64,1,0
BRDA:151,65,0,0
BRDA:151,65,1,0
BRDA:151,66,0,0
BRDA:151,66,1,0
BRDA:154,67,0,0
BRDA:154,67,1,0
BRDA:157,68,0,0
BRDA:157,68,1,0
BRDA:157,69,0,0
BRDA:157,69,1,0
BRDA:157,70,0,0
BRDA:157,70,1,0
BRDA:157,71,0,0
BRDA:157,71,1,0
BRDA:158,72,0,0
BRDA:158,72,1,0
BRDA:158,72,2,0
BRDA:159,73,0,0
BRDA:159,73,1,0
BRDA:173,74,0,0
BRDA:173,74,1,0
BRDA:175,75,0,0
BRDA:175,75,1,0
BRDA:187,76,0,0
BRDA:187,76,1,0
BRDA:187,77,0,0
BRDA:187,77,1,0
BRDA:187,78,0,0
BRDA:187,78,1,0
BRDA:190,79,0,0
BRDA:190,79,1,0
BRDA:202,80,0,0
BRDA:202,80,1,0
BRDA:202,80,2,0
BRDA:202,81,0,0
BRDA:202,81,1,0
BRDA:202,82,0,0
BRDA:202,82,1,0
BRDA:202,83,0,0
BRDA:202,83,1,0
BRDA:202,84,0,0
BRDA:202,84,1,0
BRDA:202,85,0,0
BRDA:202,85,1,0
BRDA:202,86,0,0
BRDA:202,86,1,0
BRDA:205,87,0,0
BRDA:205,87,1,0
BRDA:209,88,0,0
BRDA:209,88,1,0
BRDA:217,89,0,0
BRDA:220,90,0,0
BRDA:220,90,1,0
BRDA:229,91,0,0
BRDA:229,91,1,0
BRDA:234,92,0,0
BRDA:234,92,1,0
BRDA:249,93,0,0
BRDA:249,93,1,0
BRDA:249,94,0,0
BRDA:249,94,1,0
BRDA:250,95,0,0
BRDA:250,95,1,0
BRDA:251,96,0,0
BRDA:251,96,1,0
BRDA:268,97,0,0
BRDA:268,97,1,0
BRDA:268,98,0,0
BRDA:268,98,1,0
BRDA:268,99,0,0
BRDA:268,99,1,0
BRDA:269,100,0,0
BRDA:269,100,1,0
BRDA:269,101,0,0
BRDA:269,101,1,0
BRDA:269,102,0,0
BRDA:269,102,1,0
BRDA:269,103,0,0
BRDA:269,103,1,0
BRDA:270,104,0,0
BRDA:270,104,1,0
BRDA:270,105,0,0
BRDA:270,105,1,0
BRDA:270,106,0,0
BRDA:270,106,1,0
BRDA:271,107,0,0
BRDA:271,107,1,0
BRDA:271,108,0,0
BRDA:271,108,1,0
BRDA:271,109,0,0
BRDA:271,109,1,0
BRDA:272,110,0,0
BRDA:272,110,1,0
BRDA:272,111,0,0
BRDA:272,111,1,0
BRDA:272,112,0,0
BRDA:272,112,1,0
BRDA:275,113,0,0
BRDA:275,113,1,0
BRDA:322,114,0,0
BRDA:322,114,1,0
BRDA:322,115,0,0
BRDA:322,115,1,0
BRDA:322,116,0,0
BRDA:322,116,1,0
BRDA:323,117,0,0
BRDA:323,117,1,0
BRDA:323,118,0,0
BRDA:323,118,1,0
BRDA:323,119,0,0
BRDA:323,119,1,0
BRDA:323,120,0,0
BRDA:323,120,1,0
BRDA:324,121,0,0
BRDA:324,121,1,0
BRDA:324,122,0,0
BRDA:324,122,1,0
BRDA:324,123,0,0
BRDA:324,123,1,0
BRDA:325,124,0,0
BRDA:325,124,1,0
BRDA:325,125,0,0
BRDA:325,125,1,0
BRDA:325,126,0,0
BRDA:325,126,1,0
BRDA:326,127,0,0
BRDA:326,127,1,0
BRDA:326,128,0,0
BRDA:326,128,1,0
BRDA:326,129,0,0
BRDA:326,129,1,0
BRDA:329,130,0,0
BRDA:329,130,1,0
BRDA:343,131,0,0
BRDA:343,131,1,0
BRF:268
BRH:0
end_of_record
TN:
SF:server\db.ts
FNF:0
FNH:0
DA:1,0
DA:2,0
DA:3,0
DA:4,0
DA:6,0
DA:8,0
DA:9,0
DA:14,0
DA:15,0
LF:9
LH:0
BRDA:8,0,0,0
BRDA:8,0,1,0
BRF:2
BRH:0
end_of_record
TN:
SF:server\errors.ts
FN:10,(anonymous_0)
FN:20,(anonymous_1)
FN:26,(anonymous_2)
FN:32,(anonymous_3)
FN:38,(anonymous_4)
FN:44,(anonymous_5)
FN:50,(anonymous_6)
FN:56,(anonymous_7)
FN:57,(anonymous_8)
FN:63,(anonymous_9)
FN:104,(anonymous_10)
FN:113,(anonymous_11)
FN:114,(anonymous_12)
FN:119,(anonymous_13)
FN:124,(anonymous_14)
FNF:15
FNH:0
FNDA:0,(anonymous_0)
FNDA:0,(anonymous_1)
FNDA:0,(anonymous_2)
FNDA:0,(anonymous_3)
FNDA:0,(anonymous_4)
FNDA:0,(anonymous_5)
FNDA:0,(anonymous_6)
FNDA:0,(anonymous_7)
FNDA:0,(anonymous_8)
FNDA:0,(anonymous_9)
FNDA:0,(anonymous_10)
FNDA:0,(anonymous_11)
FNDA:0,(anonymous_12)
FNDA:0,(anonymous_13)
FNDA:0,(anonymous_14)
DA:2,0
DA:5,0
DA:11,0
DA:12,0
DA:13,0
DA:14,0
DA:15,0
DA:19,0
DA:21,0
DA:25,0
DA:27,0
DA:31,0
DA:33,0
DA:37,0
DA:39,0
DA:43,0
DA:45,0
DA:49,0
DA:51,0
DA:56,0
DA:57,0
DA:58,0
DA:63,0
DA:70,0
DA:71,0
DA:77,0
DA:84,0
DA:85,0
DA:94,0
DA:104,0
DA:105,0
DA:113,0
DA:114,0
DA:115,0
DA:116,0
DA:119,0
DA:120,0
DA:121,0
DA:124,0
DA:125,0
DA:126,0
LF:41
LH:0
BRDA:10,0,0,0
BRDA:21,1,0,0
BRDA:21,1,1,0
BRDA:26,2,0,0
BRDA:27,3,0,0
BRDA:27,3,1,0
BRDA:32,4,0,0
BRDA:33,5,0,0
BRDA:33,5,1,0
BRDA:38,6,0,0
BRDA:50,7,0,0
BRDA:70,8,0,0
BRDA:70,8,1,0
BRDA:70,9,0,0
BRDA:70,9,1,0
BRDA:84,10,0,0
BRDA:84,10,1,0
BRDA:89,11,0,0
BRDA:89,11,1,0
BRDA:96,12,0,0
BRDA:96,12,1,0
BRDA:99,13,0,0
BRDA:99,13,1,0
BRF:23
BRH:0
end_of_record
TN:
SF:server\index.ts
FN:52,(anonymous_8)
FN:64,(anonymous_9)
FN:70,(anonymous_10)
FN:75,(anonymous_11)
FN:94,(anonymous_12)
FN:94,(anonymous_13)
FN:121,(anonymous_14)
FNF:7
FNH:0
FNDA:0,(anonymous_8)
FNDA:0,(anonymous_9)
FNDA:0,(anonymous_10)
FNDA:0,(anonymous_11)
FNDA:0,(anonymous_12)
FNDA:0,(anonymous_13)
FNDA:0,(anonymous_14)
DA:1,0
DA:2,0
DA:3,0
DA:4,0
DA:5,0
DA:6,0
DA:7,0
DA:8,0
DA:9,0
DA:12,0
DA:14,0
DA:17,0
DA:23,0
DA:32,0
DA:35,0
DA:41,0
DA:42,0
DA:50,0
DA:51,0
DA:53,0
DA:56,0
DA:59,0
DA:62,0
DA:64,0
DA:65,0
DA:66,0
DA:67,0
DA:69,0
DA:70,0
DA:71,0
DA:72,0
DA:75,0
DA:76,0
DA:77,0
DA:78,0
DA:79,0
DA:80,0
DA:83,0
DA:84,0
DA:87,0
DA:91,0
DA:94,0
DA:95,0
DA:98,0
DA:101,0
DA:106,0
DA:107,0
DA:109,0
DA:116,0
DA:117,0
DA:122,0
DA:123,0
DA:124,0
LF:53
LH:0
BRDA:18,0,0,0
BRDA:18,0,1,0
BRDA:77,1,0,0
BRDA:77,1,1,0
BRDA:79,2,0,0
BRDA:79,2,1,0
BRDA:83,3,0,0
BRDA:83,3,1,0
BRDA:106,4,0,0
BRDA:106,4,1,0
BRDA:116,5,0,0
BRDA:116,5,1,0
BRF:12
BRH:0
end_of_record
TN:
SF:server\logger.ts
FN:13,(anonymous_1)
FN:24,(anonymous_2)
FN:50,(anonymous_3)
FN:53,(anonymous_4)
FNF:4
FNH:0
FNDA:0,(anonymous_1)
FNDA:0,(anonymous_2)
FNDA:0,(anonymous_3)
FNDA:0,(anonymous_4)
DA:1,0
DA:4,0
DA:13,0
DA:14,0
DA:15,0
DA:16,0
DA:20,0
DA:24,0
DA:29,0
DA:42,0
DA:50,0
DA:51,0
DA:53,0
DA:54,0
DA:55,0
DA:57,0
DA:58,0
DA:59,0
DA:60,0
DA:62,0
DA:66,0
DA:70,0
LF:22
LH:0
BRDA:14,0,0,0
BRDA:14,0,1,0
BRDA:16,1,0,0
BRDA:16,1,1,0
BRDA:57,2,0,0
BRDA:57,2,1,0
BRDA:59,3,0,0
BRDA:59,3,1,0
BRF:8
BRH:0
end_of_record
TN:
SF:server\storage.ts
FN:75,(anonymous_7)
FN:79,(anonymous_8)
FN:184,(anonymous_10)
FN:290,(anonymous_11)
FN:295,(anonymous_13)
FN:300,(anonymous_15)
FN:305,(anonymous_17)
FN:313,(anonymous_19)
FN:318,(anonymous_21)
FN:325,(anonymous_23)
FN:330,(anonymous_24)
FN:331,(anonymous_25)
FN:336,(anonymous_26)
FN:337,(anonymous_27)
FN:344,(anonymous_28)
FN:388,(anonymous_30)
FN:393,(anonymous_32)
FN:401,(anonymous_34)
FN:448,(anonymous_36)
FN:453,(anonymous_38)
FN:461,(anonymous_40)
FN:508,(anonymous_42)
FN:513,(anonymous_44)
FN:540,(anonymous_46)
FN:554,(anonymous_48)
FN:559,(anonymous_50)
FN:564,(anonymous_52)
FN:591,(anonymous_54)
FN:606,(anonymous_56)
FN:623,(anonymous_58)
FN:631,(anonymous_60)
FN:636,(anonymous_62)
FN:637,(anonymous_64)
FN:654,(anonymous_65)
FN:658,(anonymous_67)
FN:663,(anonymous_69)
FN:668,(anonymous_71)
FN:676,(anonymous_73)
FN:681,(anonymous_75)
FN:685,(anonymous_77)
FN:690,(anonymous_79)
FN:698,(anonymous_81)
FN:704,(anonymous_83)
FN:723,(anonymous_85)
FNF:44
FNH:0
FNDA:0,(anonymous_7)
FNDA:0,(anonymous_8)
FNDA:0,(anonymous_10)
FNDA:0,(anonymous_11)
FNDA:0,(anonymous_13)
FNDA:0,(anonymous_15)
FNDA:0,(anonymous_17)
FNDA:0,(anonymous_19)
FNDA:0,(anonymous_21)
FNDA:0,(anonymous_23)
FNDA:0,(anonymous_24)
FNDA:0,(anonymous_25)
FNDA:0,(anonymous_26)
FNDA:0,(anonymous_27)
FNDA:0,(anonymous_28)
FNDA:0,(anonymous_30)
FNDA:0,(anonymous_32)
FNDA:0,(anonymous_34)
FNDA:0,(anonymous_36)
FNDA:0,(anonymous_38)
FNDA:0,(anonymous_40)
FNDA:0,(anonymous_42)
FNDA:0,(anonymous_44)
FNDA:0,(anonymous_46)
FNDA:0,(anonymous_48)
FNDA:0,(anonymous_50)
FNDA:0,(anonymous_52)
FNDA:0,(anonymous_54)
FNDA:0,(anonymous_56)
FNDA:0,(anonymous_58)
FNDA:0,(anonymous_60)
FNDA:0,(anonymous_62)
FNDA:0,(anonymous_64)
FNDA:0,(anonymous_65)
FNDA:0,(anonymous_67)
FNDA:0,(anonymous_69)
FNDA:0,(anonymous_71)
FNDA:0,(anonymous_73)
FNDA:0,(anonymous_75)
FNDA:0,(anonymous_77)
FNDA:0,(anonymous_79)
FNDA:0,(anonymous_81)
FNDA:0,(anonymous_83)
FNDA:0,(anonymous_85)
DA:1,0
DA:2,0
DA:3,0
DA:72,0
DA:73,0
DA:76,0
DA:80,0
DA:81,0
DA:82,0
DA:83,0
DA:85,0
DA:102,0
DA:115,0
DA:128,0
DA:140,0
DA:184,0
DA:186,0
DA:187,0
DA:189,0
DA:190,0
DA:191,0
DA:192,0
DA:210,0
DA:211,0
DA:232,0
DA:234,0
DA:235,0
DA:236,0
DA:237,0
DA:238,0
DA:239,0
DA:241,0
DA:257,0
DA:284,0
DA:286,0
DA:291,0
DA:292,0
DA:296,0
DA:297,0
DA:301,0
DA:302,0
DA:306,0
DA:310,0
DA:314,0
DA:315,0
DA:319,0
DA:320,0
DA:322,0
DA:323,0
DA:325,0
DA:326,0
DA:329,0
DA:330,0
DA:331,0
DA:333,0
DA:336,0
DA:337,0
DA:345,0
DA:347,0
DA:349,0
DA:350,0
DA:351,0
DA:359,0
DA:360,0
DA:363,0
DA:364,0
DA:367,0
DA:369,0
DA:370,0
DA:372,0
DA:373,0
DA:375,0
DA:376,0
DA:378,0
DA:381,0
DA:382,0
DA:385,0
DA:389,0
DA:390,0
DA:394,0
DA:398,0
DA:402,0
DA:404,0
DA:406,0
DA:407,0
DA:408,0
DA:416,0
DA:417,0
DA:420,0
DA:421,0
DA:424,0
DA:426,0
DA:427,0
DA:429,0
DA:430,0
DA:432,0
DA:433,0
DA:435,0
DA:436,0
DA:438,0
DA:441,0
DA:442,0
DA:445,0
DA:449,0
DA:450,0
DA:454,0
DA:458,0
DA:462,0
DA:464,0
DA:466,0
DA:467,0
DA:468,0
DA:476,0
DA:477,0
DA:480,0
DA:481,0
DA:484,0
DA:486,0
DA:487,0
DA:489,0
DA:490,0
DA:492,0
DA:493,0
DA:495,0
DA:496,0
DA:498,0
DA:501,0
DA:502,0
DA:505,0
DA:509,0
DA:510,0
DA:514,0
DA:515,0
DA:518,0
DA:520,0
DA:521,0
DA:532,0
DA:533,0
DA:536,0
DA:537,0
DA:541,0
DA:547,0
DA:548,0
DA:551,0
DA:555,0
DA:556,0
DA:560,0
DA:561,0
DA:565,0
DA:566,0
DA:568,0
DA:569,0
DA:571,0
DA:574,0
DA:576,0
DA:578,0
DA:584,0
DA:588,0
DA:592,0
DA:593,0
DA:595,0
DA:596,0
DA:597,0
DA:598,0
DA:601,0
DA:603,0
DA:607,0
DA:608,0
DA:620,0
DA:624,0
DA:628,0
DA:632,0
DA:633,0
DA:637,0
DA:638,0
DA:640,0
DA:647,0
DA:651,0
DA:655,0
DA:659,0
DA:660,0
DA:664,0
DA:665,0
DA:669,0
DA:673,0
DA:677,0
DA:678,0
DA:682,0
DA:686,0
DA:687,0
DA:691,0
DA:695,0
DA:699,0
DA:700,0
DA:705,0
DA:713,0
DA:715,0
DA:716,0
DA:718,0
DA:719,0
DA:724,0
DA:725,0
DA:726,0
DA:729,0
DA:747,0
LF:205
LH:0
BRDA:82,0,0,0
BRDA:82,0,1,0
BRDA:191,1,0,0
BRDA:191,1,1,0
BRDA:203,2,0,0
BRDA:203,2,1,0
BRDA:205,3,0,0
BRDA:205,3,1,0
BRDA:206,4,0,0
BRDA:206,4,1,0
BRDA:206,5,0,0
BRDA:206,5,1,0
BRDA:206,6,0,0
BRDA:206,6,1,0
BRDA:226,7,0,0
BRDA:226,7,1,0
BRDA:239,8,0,0
BRDA:239,8,1,0
BRDA:239,9,0,0
BRDA:239,9,1,0
BRDA:239,10,0,0
BRDA:239,10,1,0
BRDA:239,11,0,0
BRDA:239,11,1,0
BRDA:239,12,0,0
BRDA:239,12,1,0
BRDA:239,13,0,0
BRDA:239,13,1,0
BRDA:245,14,0,0
BRDA:245,14,1,0
BRDA:245,15,0,0
BRDA:245,15,1,0
BRDA:245,16,0,0
BRDA:245,16,1,0
BRDA:253,17,0,0
BRDA:253,17,1,0
BRDA:315,18,0,0
BRDA:315,18,1,0
BRDA:326,19,0,0
BRDA:326,19,1,0
BRDA:330,20,0,0
BRDA:330,20,1,0
BRDA:337,21,0,0
BRDA:337,21,1,0
BRDA:349,22,0,0
BRDA:349,22,1,0
BRDA:349,23,0,0
BRDA:349,23,1,0
BRDA:349,24,0,0
BRDA:349,24,1,0
BRDA:359,25,0,0
BRDA:359,25,1,0
BRDA:359,26,0,0
BRDA:359,26,1,0
BRDA:359,27,0,0
BRDA:359,27,1,0
BRDA:359,28,0,0
BRDA:359,28,1,0
BRDA:363,29,0,0
BRDA:363,29,1,0
BRDA:367,30,0,0
BRDA:367,30,1,0
BRDA:367,30,2,0
BRDA:367,30,3,0
BRDA:367,31,0,0
BRDA:367,31,1,0
BRDA:367,32,0,0
BRDA:367,32,1,0
BRDA:381,33,0,0
BRDA:381,33,1,0
BRDA:381,34,0,0
BRDA:381,34,1,0
BRDA:381,35,0,0
BRDA:381,35,1,0
BRDA:406,36,0,0
BRDA:406,36,1,0
BRDA:406,37,0,0
BRDA:406,37,1,0
BRDA:406,38,0,0
BRDA:406,38,1,0
BRDA:416,39,0,0
BRDA:416,39,1,0
BRDA:416,40,0,0
BRDA:416,40,1,0
BRDA:416,41,0,0
BRDA:416,41,1,0
BRDA:416,42,0,0
BRDA:416,42,1,0
BRDA:420,43,0,0
BRDA:420,43,1,0
BRDA:424,44,0,0
BRDA:424,44,1,0
BRDA:424,44,2,0
BRDA:424,44,3,0
BRDA:424,44,4,0
BRDA:424,45,0,0
BRDA:424,45,1,0
BRDA:424,46,0,0
BRDA:424,46,1,0
BRDA:441,47,0,0
BRDA:441,47,1,0
BRDA:441,48,0,0
BRDA:441,48,1,0
BRDA:441,49,0,0
BRDA:441,49,1,0
BRDA:466,50,0,0
BRDA:466,50,1,0
BRDA:466,51,0,0
BRDA:466,51,1,0
BRDA:466,52,0,0
BRDA:466,52,1,0
BRDA:476,53,0,0
BRDA:476,53,1,0
BRDA:476,54,0,0
BRDA:476,54,1,0
BRDA:476,55,0,0
BRDA:476,55,1,0
BRDA:476,56,0,0
BRDA:476,56,1,0
BRDA:480,57,0,0
BRDA:480,57,1,0
BRDA:484,58,0,0
BRDA:484,58,1,0
BRDA:484,58,2,0
BRDA:484,58,3,0
BRDA:484,58,4,0
BRDA:484,59,0,0
BRDA:484,59,1,0
BRDA:484,60,0,0
BRDA:484,60,1,0
BRDA:501,61,0,0
BRDA:501,61,1,0
BRDA:501,62,0,0
BRDA:501,62,1,0
BRDA:501,63,0,0
BRDA:501,63,1,0
BRDA:514,64,0,0
BRDA:514,64,1,0
BRDA:520,65,0,0
BRDA:520,65,1,0
BRDA:547,66,0,0
BRDA:547,66,1,0
BRDA:547,67,0,0
BRDA:547,67,1,0
BRDA:566,68,0,0
BRDA:566,68,1,0
BRDA:566,69,0,0
BRDA:566,69,1,0
BRDA:569,70,0,0
BRDA:569,70,1,0
BRDA:569,71,0,0
BRDA:569,71,1,0
BRDA:574,72,0,0
BRDA:574,72,1,0
BRDA:574,73,0,0
BRDA:574,73,1,0
BRDA:576,74,0,0
BRDA:576,74,1,0
BRDA:593,75,0,0
BRDA:593,75,1,0
BRDA:596,76,0,0
BRDA:596,76,1,0
BRDA:598,77,0,0
BRDA:598,77,1,0
BRDA:609,78,0,0
BRDA:609,78,1,0
BRDA:610,79,0,0
BRDA:610,79,1,0
BRDA:611,80,0,0
BRDA:611,80,1,0
BRDA:612,81,0,0
BRDA:612,81,1,0
BRDA:613,82,0,0
BRDA:613,82,1,0
BRDA:614,83,0,0
BRDA:614,83,1,0
BRDA:615,84,0,0
BRDA:615,84,1,0
BRDA:616,85,0,0
BRDA:616,85,1,0
BRDA:617,86,0,0
BRDA:617,86,1,0
BRDA:618,87,0,0
BRDA:618,87,1,0
BRDA:633,88,0,0
BRDA:633,88,1,0
BRDA:638,89,0,0
BRDA:638,89,1,0
BRDA:678,90,0,0
BRDA:678,90,1,0
BRDA:700,91,0,0
BRDA:700,91,1,0
BRDA:713,92,0,0
BRDA:713,92,1,0
BRF:194
BRH:0
end_of_record
TN:
SF:server\validation.ts
FN:103,validate
FN:104,(anonymous_8)
FN:104,(anonymous_9)
FN:111,(anonymous_10)
FN:126,validateQuery
FN:127,(anonymous_12)
FN:127,(anonymous_13)
FN:134,(anonymous_14)
FN:149,(anonymous_15)
FN:153,(anonymous_16)
FNF:10
FNH:0
FNDA:0,validate
FNDA:0,(anonymous_8)
FNDA:0,(anonymous_9)
FNDA:0,(anonymous_10)
FNDA:0,validateQuery
FNDA:0,(anonymous_12)
FNDA:0,(anonymous_13)
FNDA:0,(anonymous_14)
FNDA:0,(anonymous_15)
FNDA:0,(anonymous_16)
DA:1,0
DA:7,0
DA:17,0
DA:23,0
DA:33,0
DA:44,0
DA:56,0
DA:59,0
DA:67,0
DA:74,0
DA:87,0
DA:95,0
DA:103,0
DA:104,0
DA:105,0
DA:106,0
DA:107,0
DA:108,0
DA:110,0
DA:111,0
DA:115,0
DA:120,0
DA:126,0
DA:127,0
DA:128,0
DA:129,0
DA:130,0
DA:131,0
DA:133,0
DA:134,0
DA:138,0
DA:143,0
DA:149,0
DA:150,0
DA:153,0
DA:154,0
LF:36
LH:0
BRDA:110,0,0,0
BRDA:110,0,1,0
BRDA:133,1,0,0
BRDA:133,1,1,0
BRF:4
BRH:0
end_of_record
TN:
SF:server\middleware\auth.ts
FN:57,hasPermission
FN:73,authenticate
FN:101,authorize
FN:102,(anonymous_11)
FN:108,(anonymous_12)
FN:125,optionalAuth
FNF:6
FNH:0
FNDA:0,hasPermission
FNDA:0,authenticate
FNDA:0,authorize
FNDA:0,(anonymous_11)
FNDA:0,(anonymous_12)
FNDA:0,optionalAuth
DA:2,0
DA:21,0
DA:58,0
DA:59,0
DA:60,0
DA:73,0
DA:74,0
DA:76,0
DA:77,0
DA:79,0
DA:80,0
DA:84,0
DA:85,0
DA:87,0
DA:88,0
DA:92,0
DA:93,0
DA:95,0
DA:96,0
DA:101,0
DA:102,0
DA:103,0
DA:104,0
DA:107,0
DA:108,0
DA:109,0
DA:112,0
DA:113,0
DA:120,0
DA:125,0
DA:126,0
DA:127,0
DA:128,0
DA:130,0
DA:131,0
DA:132,0
DA:133,0
DA:134,0
DA:138,0
DA:140,0
LF:40
LH:0
BRDA:58,0,0,0
BRDA:58,0,1,0
BRDA:59,1,0,0
BRDA:59,1,1,0
BRDA:77,2,0,0
BRDA:77,2,1,0
BRDA:77,3,0,0
BRDA:77,3,1,0
BRDA:79,4,0,0
BRDA:79,4,1,0
BRDA:87,5,0,0
BRDA:87,5,1,0
BRDA:103,6,0,0
BRDA:103,6,1,0
BRDA:112,7,0,0
BRDA:112,7,1,0
BRDA:128,8,0,0
BRDA:128,8,1,0
BRDA:128,9,0,0
BRDA:128,9,1,0
BRDA:128,10,0,0
BRDA:128,10,1,0
BRDA:130,11,0,0
BRDA:130,11,1,0
BRDA:133,12,0,0
BRDA:133,12,1,0
BRF:26
BRH:0
end_of_record
TN:
SF:server\utils\cache.ts
FN:13,(anonymous_7)
FN:18,(anonymous_8)
FN:22,(anonymous_9)
FN:39,(anonymous_10)
FN:48,(anonymous_11)
FN:53,(anonymous_12)
FN:60,(anonymous_13)
FN:69,(anonymous_14)
FN:74,(anonymous_15)
FN:82,(anonymous_16)
FN:86,(anonymous_17)
FN:92,(anonymous_18)
FN:96,(anonymous_19)
FN:118,(anonymous_21)
FN:119,(anonymous_22)
FN:120,(anonymous_23)
FN:121,(anonymous_24)
FN:122,(anonymous_25)
FN:123,(anonymous_26)
FN:124,(anonymous_27)
FN:125,(anonymous_28)
FNF:21
FNH:0
FNDA:0,(anonymous_7)
FNDA:0,(anonymous_8)
FNDA:0,(anonymous_9)
FNDA:0,(anonymous_10)
FNDA:0,(anonymous_11)
FNDA:0,(anonymous_12)
FNDA:0,(anonymous_13)
FNDA:0,(anonymous_14)
FNDA:0,(anonymous_15)
FNDA:0,(anonymous_16)
FNDA:0,(anonymous_17)
FNDA:0,(anonymous_18)
FNDA:0,(anonymous_19)
FNDA:0,(anonymous_21)
FNDA:0,(anonymous_22)
FNDA:0,(anonymous_23)
FNDA:0,(anonymous_24)
FNDA:0,(anonymous_25)
FNDA:0,(anonymous_26)
FNDA:0,(anonymous_27)
FNDA:0,(anonymous_28)
DA:14,0
DA:15,0
DA:18,0
DA:23,0
DA:25,0
DA:26,0
DA:30,0
DA:31,0
DA:32,0
DA:35,0
DA:40,0
DA:49,0
DA:51,0
DA:53,0
DA:54,0
DA:55,0
DA:60,0
DA:61,0
DA:62,0
DA:70,0
DA:75,0
DA:83,0
DA:84,0
DA:86,0
DA:87,0
DA:88,0
DA:92,0
DA:101,0
DA:103,0
DA:104,0
DA:107,0
DA:108,0
DA:109,0
DA:114,0
DA:117,0
DA:118,0
DA:119,0
DA:120,0
DA:121,0
DA:122,0
DA:123,0
DA:124,0
DA:125,0
LF:43
LH:0
BRDA:13,0,0,0
BRDA:25,1,0,0
BRDA:25,1,1,0
BRDA:30,2,0,0
BRDA:30,2,1,0
BRDA:43,3,0,0
BRDA:43,3,1,0
BRDA:51,4,0,0
BRDA:51,4,1,0
BRDA:54,5,0,0
BRDA:54,5,1,0
BRDA:54,6,0,0
BRDA:54,6,1,0
BRDA:61,7,0,0
BRDA:61,7,1,0
BRDA:87,8,0,0
BRDA:87,8,1,0
BRDA:103,9,0,0
BRDA:103,9,1,0
BRF:19
BRH:0
end_of_record
TN:
SF:server\utils\pagination.ts
FN:27,paginate
FN:52,getPaginationSQL
FN:66,getSortSQL
FN:77,buildPaginatedResponse
FNF:4
FNH:0
FNDA:0,paginate
FNDA:0,getPaginationSQL
FNDA:0,getSortSQL
FNDA:0,buildPaginatedResponse
DA:22,0
DA:23,0
DA:24,0
DA:27,0
DA:31,0
DA:32,0
DA:33,0
DA:34,0
DA:35,0
DA:36,0
DA:38,0
DA:52,0
DA:53,0
DA:54,0
DA:55,0
DA:57,0
DA:64,0
DA:66,0
DA:70,0
DA:71,0
DA:73,0
DA:77,0
DA:82,0
DA:83,0
DA:84,0
DA:86,0
LF:26
LH:0
BRDA:29,0,0,0
BRDA:31,1,0,0
BRDA:31,1,1,0
BRDA:32,2,0,0
BRDA:32,2,1,0
BRDA:52,3,0,0
BRDA:53,4,0,0
BRDA:53,4,1,0
BRDA:54,5,0,0
BRDA:54,5,1,0
BRDA:67,6,0,0
BRDA:68,7,0,0
BRDA:70,8,0,0
BRDA:70,8,1,0
BRDA:71,9,0,0
BRDA:71,9,1,0
BRDA:82,10,0,0
BRDA:82,10,1,0
BRDA:83,11,0,0
BRDA:83,11,1,0
BRF:20
BRH:0
end_of_record
